{"/home/runner/work/chronos/chronos/src/causal.js": {"path":"/home/runner/work/chronos/chronos/src/causal.js","all":false,"statementMap":{"0":{"start":{"line":1,"column":0},"end":{"line":1,"column":3}},"1":{"start":{"line":2,"column":0},"end":{"line":2,"column":54}},"2":{"start":{"line":3,"column":0},"end":{"line":3,"column":2}},"3":{"start":{"line":4,"column":0},"end":{"line":4,"column":59}},"4":{"start":{"line":5,"column":0},"end":{"line":5,"column":75}},"5":{"start":{"line":6,"column":0},"end":{"line":6,"column":2}},"6":{"start":{"line":7,"column":0},"end":{"line":7,"column":33}},"7":{"start":{"line":8,"column":0},"end":{"line":8,"column":3}},"9":{"start":{"line":10,"column":0},"end":{"line":10,"column":16}},"10":{"start":{"line":11,"column":0},"end":{"line":11,"column":38}},"12":{"start":{"line":13,"column":0},"end":{"line":13,"column":40}},"13":{"start":{"line":14,"column":0},"end":{"line":14,"column":19}},"14":{"start":{"line":15,"column":0},"end":{"line":15,"column":24}},"15":{"start":{"line":16,"column":0},"end":{"line":16,"column":7}},"16":{"start":{"line":17,"column":0},"end":{"line":17,"column":46}},"17":{"start":{"line":18,"column":0},"end":{"line":18,"column":52}},"18":{"start":{"line":19,"column":0},"end":{"line":19,"column":35}},"19":{"start":{"line":20,"column":0},"end":{"line":20,"column":13}},"20":{"start":{"line":21,"column":0},"end":{"line":21,"column":35}},"21":{"start":{"line":22,"column":0},"end":{"line":22,"column":43}},"22":{"start":{"line":23,"column":0},"end":{"line":23,"column":5}},"23":{"start":{"line":24,"column":0},"end":{"line":24,"column":11}},"24":{"start":{"line":25,"column":0},"end":{"line":25,"column":40}},"25":{"start":{"line":26,"column":0},"end":{"line":26,"column":3}},"26":{"start":{"line":27,"column":0},"end":{"line":27,"column":14}},"27":{"start":{"line":28,"column":0},"end":{"line":28,"column":1}},"29":{"start":{"line":30,"column":0},"end":{"line":30,"column":21}},"30":{"start":{"line":31,"column":0},"end":{"line":31,"column":9}},"32":{"start":{"line":33,"column":0},"end":{"line":33,"column":3}},"33":{"start":{"line":34,"column":0},"end":{"line":34,"column":36}},"34":{"start":{"line":35,"column":0},"end":{"line":35,"column":2}},"35":{"start":{"line":36,"column":0},"end":{"line":36,"column":93}},"36":{"start":{"line":37,"column":0},"end":{"line":37,"column":3}},"37":{"start":{"line":38,"column":0},"end":{"line":38,"column":32}},"38":{"start":{"line":39,"column":0},"end":{"line":39,"column":52}},"39":{"start":{"line":40,"column":0},"end":{"line":40,"column":62}},"40":{"start":{"line":41,"column":0},"end":{"line":41,"column":1}},"42":{"start":{"line":43,"column":0},"end":{"line":43,"column":3}},"43":{"start":{"line":44,"column":0},"end":{"line":44,"column":42}},"44":{"start":{"line":45,"column":0},"end":{"line":45,"column":2}},"45":{"start":{"line":46,"column":0},"end":{"line":46,"column":77}},"46":{"start":{"line":47,"column":0},"end":{"line":47,"column":83}},"47":{"start":{"line":48,"column":0},"end":{"line":48,"column":40}},"48":{"start":{"line":49,"column":0},"end":{"line":49,"column":3}},"49":{"start":{"line":50,"column":0},"end":{"line":50,"column":40}},"50":{"start":{"line":51,"column":0},"end":{"line":51,"column":45}},"52":{"start":{"line":53,"column":0},"end":{"line":53,"column":34}},"53":{"start":{"line":54,"column":0},"end":{"line":54,"column":23}},"54":{"start":{"line":55,"column":0},"end":{"line":55,"column":7}},"55":{"start":{"line":56,"column":0},"end":{"line":56,"column":24}},"56":{"start":{"line":57,"column":0},"end":{"line":57,"column":54}},"57":{"start":{"line":58,"column":0},"end":{"line":58,"column":35}},"58":{"start":{"line":59,"column":0},"end":{"line":59,"column":48}},"59":{"start":{"line":60,"column":0},"end":{"line":60,"column":44}},"60":{"start":{"line":61,"column":0},"end":{"line":61,"column":9}},"61":{"start":{"line":62,"column":0},"end":{"line":62,"column":5}},"62":{"start":{"line":63,"column":0},"end":{"line":63,"column":18}},"63":{"start":{"line":64,"column":0},"end":{"line":64,"column":13}},"64":{"start":{"line":65,"column":0},"end":{"line":65,"column":19}},"65":{"start":{"line":66,"column":0},"end":{"line":66,"column":44}},"66":{"start":{"line":67,"column":0},"end":{"line":67,"column":40}},"67":{"start":{"line":68,"column":0},"end":{"line":68,"column":3}},"68":{"start":{"line":69,"column":0},"end":{"line":69,"column":1}}},"s":{"0":1,"1":1,"2":1,"3":1,"4":1,"5":1,"6":1,"7":1,"9":1,"10":1,"12":1,"13":3,"14":3,"15":3,"16":3,"17":3,"18":3,"19":3,"20":3,"21":3,"22":3,"23":3,"24":0,"25":0,"26":3,"27":3,"29":1,"30":1,"32":1,"33":1,"34":1,"35":1,"36":1,"37":1,"38":1064,"39":1064,"40":1064,"42":1,"43":1,"44":1,"45":1,"46":1,"47":1,"48":1,"49":1,"50":17,"52":0,"53":0,"54":0,"55":0,"56":17,"57":0,"58":0,"59":0,"60":0,"61":0,"62":0,"63":0,"64":0,"65":0,"66":0,"67":0,"68":17},"branchMap":{"0":{"type":"branch","line":14,"loc":{"start":{"line":14,"column":0},"end":{"line":28,"column":1}},"locations":[{"start":{"line":14,"column":0},"end":{"line":28,"column":1}}]},"1":{"type":"branch","line":15,"loc":{"start":{"line":15,"column":12},"end":{"line":15,"column":24}},"locations":[{"start":{"line":15,"column":12},"end":{"line":15,"column":24}}]},"2":{"type":"branch","line":20,"loc":{"start":{"line":20,"column":6},"end":{"line":20,"column":12}},"locations":[{"start":{"line":20,"column":6},"end":{"line":20,"column":12}}]},"3":{"type":"branch","line":24,"loc":{"start":{"line":24,"column":4},"end":{"line":26,"column":3}},"locations":[{"start":{"line":24,"column":4},"end":{"line":26,"column":3}}]},"4":{"type":"branch","line":38,"loc":{"start":{"line":38,"column":7},"end":{"line":41,"column":1}},"locations":[{"start":{"line":38,"column":7},"end":{"line":41,"column":1}}]},"5":{"type":"branch","line":39,"loc":{"start":{"line":39,"column":34},"end":{"line":39,"column":43}},"locations":[{"start":{"line":39,"column":34},"end":{"line":39,"column":43}}]},"6":{"type":"branch","line":39,"loc":{"start":{"line":39,"column":44},"end":{"line":39,"column":51}},"locations":[{"start":{"line":39,"column":44},"end":{"line":39,"column":51}}]},"7":{"type":"branch","line":39,"loc":{"start":{"line":39,"column":51},"end":{"line":40,"column":54}},"locations":[{"start":{"line":39,"column":51},"end":{"line":40,"column":54}}]},"8":{"type":"branch","line":40,"loc":{"start":{"line":40,"column":55},"end":{"line":40,"column":61}},"locations":[{"start":{"line":40,"column":55},"end":{"line":40,"column":61}}]},"9":{"type":"branch","line":50,"loc":{"start":{"line":50,"column":7},"end":{"line":69,"column":1}},"locations":[{"start":{"line":50,"column":7},"end":{"line":69,"column":1}}]},"10":{"type":"branch","line":51,"loc":{"start":{"line":51,"column":44},"end":{"line":57,"column":51}},"locations":[{"start":{"line":51,"column":44},"end":{"line":57,"column":51}}]},"11":{"type":"branch","line":57,"loc":{"start":{"line":57,"column":53},"end":{"line":68,"column":3}},"locations":[{"start":{"line":57,"column":53},"end":{"line":68,"column":3}}]}},"b":{"0":[3],"1":[0],"2":[0],"3":[0],"4":[1064],"5":[18],"6":[1050],"7":[0],"8":[0],"9":[17],"10":[0],"11":[0]},"fnMap":{"0":{"name":"getALS","decl":{"start":{"line":14,"column":0},"end":{"line":28,"column":1}},"loc":{"start":{"line":14,"column":0},"end":{"line":28,"column":1}},"line":14},"1":{"name":"currentCause","decl":{"start":{"line":38,"column":7},"end":{"line":41,"column":1}},"loc":{"start":{"line":38,"column":7},"end":{"line":41,"column":1}},"line":38},"2":{"name":"withCause","decl":{"start":{"line":50,"column":7},"end":{"line":69,"column":1}},"loc":{"start":{"line":50,"column":7},"end":{"line":69,"column":1}},"line":50}},"f":{"0":3,"1":1064,"2":17}}
,"/home/runner/work/chronos/chronos/src/chronicle.js": {"path":"/home/runner/work/chronos/chronos/src/chronicle.js","all":false,"statementMap":{"0":{"start":{"line":1,"column":0},"end":{"line":1,"column":3}},"1":{"start":{"line":2,"column":0},"end":{"line":2,"column":40}},"2":{"start":{"line":3,"column":0},"end":{"line":3,"column":2}},"3":{"start":{"line":4,"column":0},"end":{"line":4,"column":76}},"4":{"start":{"line":5,"column":0},"end":{"line":5,"column":83}},"5":{"start":{"line":6,"column":0},"end":{"line":6,"column":2}},"6":{"start":{"line":7,"column":0},"end":{"line":7,"column":36}},"7":{"start":{"line":8,"column":0},"end":{"line":8,"column":3}},"9":{"start":{"line":10,"column":0},"end":{"line":10,"column":54}},"10":{"start":{"line":11,"column":0},"end":{"line":11,"column":40}},"12":{"start":{"line":13,"column":0},"end":{"line":13,"column":80}},"14":{"start":{"line":15,"column":0},"end":{"line":15,"column":21}},"16":{"start":{"line":17,"column":0},"end":{"line":17,"column":3}},"17":{"start":{"line":18,"column":0},"end":{"line":18,"column":34}},"18":{"start":{"line":19,"column":0},"end":{"line":19,"column":86}},"19":{"start":{"line":20,"column":0},"end":{"line":20,"column":69}},"20":{"start":{"line":21,"column":0},"end":{"line":21,"column":65}},"21":{"start":{"line":22,"column":0},"end":{"line":22,"column":54}},"22":{"start":{"line":23,"column":0},"end":{"line":23,"column":75}},"23":{"start":{"line":24,"column":0},"end":{"line":24,"column":70}},"24":{"start":{"line":25,"column":0},"end":{"line":25,"column":75}},"25":{"start":{"line":26,"column":0},"end":{"line":26,"column":76}},"26":{"start":{"line":27,"column":0},"end":{"line":27,"column":76}},"27":{"start":{"line":28,"column":0},"end":{"line":28,"column":3}},"29":{"start":{"line":30,"column":0},"end":{"line":30,"column":3}},"30":{"start":{"line":31,"column":0},"end":{"line":31,"column":34}},"31":{"start":{"line":32,"column":0},"end":{"line":32,"column":48}},"32":{"start":{"line":33,"column":0},"end":{"line":33,"column":48}},"33":{"start":{"line":34,"column":0},"end":{"line":34,"column":73}},"34":{"start":{"line":35,"column":0},"end":{"line":35,"column":64}},"35":{"start":{"line":36,"column":0},"end":{"line":36,"column":3}},"37":{"start":{"line":38,"column":0},"end":{"line":38,"column":3}},"38":{"start":{"line":39,"column":0},"end":{"line":39,"column":44}},"39":{"start":{"line":40,"column":0},"end":{"line":40,"column":2}},"40":{"start":{"line":41,"column":0},"end":{"line":41,"column":77}},"41":{"start":{"line":42,"column":0},"end":{"line":42,"column":74}},"42":{"start":{"line":43,"column":0},"end":{"line":43,"column":2}},"43":{"start":{"line":44,"column":0},"end":{"line":44,"column":58}},"44":{"start":{"line":45,"column":0},"end":{"line":45,"column":65}},"45":{"start":{"line":46,"column":0},"end":{"line":46,"column":60}},"46":{"start":{"line":47,"column":0},"end":{"line":47,"column":61}},"47":{"start":{"line":48,"column":0},"end":{"line":48,"column":34}},"48":{"start":{"line":49,"column":0},"end":{"line":49,"column":3}},"49":{"start":{"line":50,"column":0},"end":{"line":50,"column":69}},"50":{"start":{"line":51,"column":0},"end":{"line":51,"column":10}},"51":{"start":{"line":52,"column":0},"end":{"line":52,"column":49}},"52":{"start":{"line":53,"column":0},"end":{"line":53,"column":26}},"53":{"start":{"line":54,"column":0},"end":{"line":54,"column":9}},"54":{"start":{"line":55,"column":0},"end":{"line":55,"column":11}},"55":{"start":{"line":56,"column":0},"end":{"line":56,"column":13}},"56":{"start":{"line":57,"column":0},"end":{"line":57,"column":12}},"57":{"start":{"line":58,"column":0},"end":{"line":58,"column":42}},"58":{"start":{"line":59,"column":0},"end":{"line":59,"column":6}},"59":{"start":{"line":60,"column":0},"end":{"line":60,"column":26}},"60":{"start":{"line":61,"column":0},"end":{"line":61,"column":31}},"61":{"start":{"line":62,"column":0},"end":{"line":62,"column":4}},"62":{"start":{"line":63,"column":0},"end":{"line":63,"column":1}},"64":{"start":{"line":65,"column":0},"end":{"line":65,"column":80}},"66":{"start":{"line":67,"column":0},"end":{"line":67,"column":3}},"67":{"start":{"line":68,"column":0},"end":{"line":68,"column":73}},"68":{"start":{"line":69,"column":0},"end":{"line":69,"column":63}},"69":{"start":{"line":70,"column":0},"end":{"line":70,"column":2}},"70":{"start":{"line":71,"column":0},"end":{"line":71,"column":85}},"71":{"start":{"line":72,"column":0},"end":{"line":72,"column":28}},"72":{"start":{"line":73,"column":0},"end":{"line":73,"column":87}},"73":{"start":{"line":74,"column":0},"end":{"line":74,"column":88}},"74":{"start":{"line":75,"column":0},"end":{"line":75,"column":88}},"75":{"start":{"line":76,"column":0},"end":{"line":76,"column":76}},"76":{"start":{"line":77,"column":0},"end":{"line":77,"column":83}},"77":{"start":{"line":78,"column":0},"end":{"line":78,"column":68}},"78":{"start":{"line":79,"column":0},"end":{"line":79,"column":78}},"79":{"start":{"line":80,"column":0},"end":{"line":80,"column":102}},"80":{"start":{"line":81,"column":0},"end":{"line":81,"column":3}},"81":{"start":{"line":82,"column":0},"end":{"line":82,"column":51}},"82":{"start":{"line":83,"column":0},"end":{"line":83,"column":86}},"84":{"start":{"line":85,"column":0},"end":{"line":85,"column":19}},"85":{"start":{"line":86,"column":0},"end":{"line":86,"column":19}},"86":{"start":{"line":87,"column":0},"end":{"line":87,"column":24}},"87":{"start":{"line":88,"column":0},"end":{"line":88,"column":24}},"88":{"start":{"line":89,"column":0},"end":{"line":89,"column":25}},"90":{"start":{"line":91,"column":0},"end":{"line":91,"column":59}},"91":{"start":{"line":92,"column":0},"end":{"line":92,"column":35}},"93":{"start":{"line":94,"column":0},"end":{"line":94,"column":5}},"94":{"start":{"line":95,"column":0},"end":{"line":95,"column":51}},"95":{"start":{"line":96,"column":0},"end":{"line":96,"column":57}},"96":{"start":{"line":97,"column":0},"end":{"line":97,"column":5}},"97":{"start":{"line":98,"column":0},"end":{"line":98,"column":30}},"99":{"start":{"line":100,"column":0},"end":{"line":100,"column":77}},"101":{"start":{"line":102,"column":0},"end":{"line":102,"column":34}},"102":{"start":{"line":103,"column":0},"end":{"line":103,"column":27}},"103":{"start":{"line":104,"column":0},"end":{"line":104,"column":35}},"104":{"start":{"line":105,"column":0},"end":{"line":105,"column":15}},"105":{"start":{"line":106,"column":0},"end":{"line":106,"column":24}},"106":{"start":{"line":107,"column":0},"end":{"line":107,"column":10}},"107":{"start":{"line":108,"column":0},"end":{"line":108,"column":3}},"109":{"start":{"line":110,"column":0},"end":{"line":110,"column":21}},"110":{"start":{"line":111,"column":0},"end":{"line":111,"column":42}},"111":{"start":{"line":112,"column":0},"end":{"line":112,"column":51}},"113":{"start":{"line":114,"column":0},"end":{"line":114,"column":31}},"114":{"start":{"line":115,"column":0},"end":{"line":115,"column":23}},"115":{"start":{"line":116,"column":0},"end":{"line":116,"column":28}},"117":{"start":{"line":118,"column":0},"end":{"line":118,"column":23}},"118":{"start":{"line":119,"column":0},"end":{"line":119,"column":98}},"119":{"start":{"line":120,"column":0},"end":{"line":120,"column":25}},"120":{"start":{"line":121,"column":0},"end":{"line":121,"column":30}},"121":{"start":{"line":122,"column":0},"end":{"line":122,"column":7}},"123":{"start":{"line":124,"column":0},"end":{"line":124,"column":25}},"124":{"start":{"line":125,"column":0},"end":{"line":125,"column":101}},"125":{"start":{"line":126,"column":0},"end":{"line":126,"column":25}},"126":{"start":{"line":127,"column":0},"end":{"line":127,"column":30}},"127":{"start":{"line":128,"column":0},"end":{"line":128,"column":7}},"129":{"start":{"line":130,"column":0},"end":{"line":130,"column":56}},"130":{"start":{"line":131,"column":0},"end":{"line":131,"column":5}},"131":{"start":{"line":132,"column":0},"end":{"line":132,"column":3}},"133":{"start":{"line":134,"column":0},"end":{"line":134,"column":77}},"135":{"start":{"line":136,"column":0},"end":{"line":136,"column":37}},"136":{"start":{"line":137,"column":0},"end":{"line":137,"column":31}},"137":{"start":{"line":138,"column":0},"end":{"line":138,"column":52}},"138":{"start":{"line":139,"column":0},"end":{"line":139,"column":23}},"140":{"start":{"line":141,"column":0},"end":{"line":141,"column":73}},"141":{"start":{"line":142,"column":0},"end":{"line":142,"column":52}},"143":{"start":{"line":144,"column":0},"end":{"line":144,"column":53}},"145":{"start":{"line":146,"column":0},"end":{"line":146,"column":25}},"146":{"start":{"line":147,"column":0},"end":{"line":147,"column":44}},"147":{"start":{"line":148,"column":0},"end":{"line":148,"column":12}},"148":{"start":{"line":149,"column":0},"end":{"line":149,"column":77}},"149":{"start":{"line":150,"column":0},"end":{"line":150,"column":28}},"150":{"start":{"line":151,"column":0},"end":{"line":151,"column":5}},"151":{"start":{"line":152,"column":0},"end":{"line":152,"column":3}},"153":{"start":{"line":154,"column":0},"end":{"line":154,"column":50}},"154":{"start":{"line":155,"column":0},"end":{"line":155,"column":41}},"156":{"start":{"line":157,"column":0},"end":{"line":157,"column":19}},"157":{"start":{"line":158,"column":0},"end":{"line":158,"column":90}},"158":{"start":{"line":159,"column":0},"end":{"line":159,"column":35}},"159":{"start":{"line":160,"column":0},"end":{"line":160,"column":35}},"160":{"start":{"line":161,"column":0},"end":{"line":161,"column":12}},"161":{"start":{"line":162,"column":0},"end":{"line":162,"column":27}},"162":{"start":{"line":163,"column":0},"end":{"line":163,"column":31}},"163":{"start":{"line":164,"column":0},"end":{"line":164,"column":27}},"164":{"start":{"line":165,"column":0},"end":{"line":165,"column":79}},"165":{"start":{"line":166,"column":0},"end":{"line":166,"column":30}},"166":{"start":{"line":167,"column":0},"end":{"line":167,"column":20}},"167":{"start":{"line":168,"column":0},"end":{"line":168,"column":9}},"168":{"start":{"line":169,"column":0},"end":{"line":169,"column":5}},"170":{"start":{"line":171,"column":0},"end":{"line":171,"column":38}},"171":{"start":{"line":172,"column":0},"end":{"line":172,"column":36}},"172":{"start":{"line":173,"column":0},"end":{"line":173,"column":58}},"173":{"start":{"line":174,"column":0},"end":{"line":174,"column":47}},"174":{"start":{"line":175,"column":0},"end":{"line":175,"column":85}},"175":{"start":{"line":176,"column":0},"end":{"line":176,"column":8}},"176":{"start":{"line":177,"column":0},"end":{"line":177,"column":30}},"177":{"start":{"line":178,"column":0},"end":{"line":178,"column":28}},"178":{"start":{"line":179,"column":0},"end":{"line":179,"column":29}},"179":{"start":{"line":180,"column":0},"end":{"line":180,"column":19}},"180":{"start":{"line":181,"column":0},"end":{"line":181,"column":3}},"182":{"start":{"line":183,"column":0},"end":{"line":183,"column":77}},"184":{"start":{"line":185,"column":0},"end":{"line":185,"column":20}},"185":{"start":{"line":186,"column":0},"end":{"line":186,"column":45}},"186":{"start":{"line":187,"column":0},"end":{"line":187,"column":22}},"187":{"start":{"line":188,"column":0},"end":{"line":188,"column":86}},"188":{"start":{"line":189,"column":0},"end":{"line":189,"column":8}},"189":{"start":{"line":190,"column":0},"end":{"line":190,"column":5}},"190":{"start":{"line":191,"column":0},"end":{"line":191,"column":47}},"191":{"start":{"line":192,"column":0},"end":{"line":192,"column":39}},"192":{"start":{"line":193,"column":0},"end":{"line":193,"column":3}},"194":{"start":{"line":195,"column":0},"end":{"line":195,"column":19}},"195":{"start":{"line":196,"column":0},"end":{"line":196,"column":22}},"196":{"start":{"line":197,"column":0},"end":{"line":197,"column":20}},"197":{"start":{"line":198,"column":0},"end":{"line":198,"column":25}},"198":{"start":{"line":199,"column":0},"end":{"line":199,"column":5}},"199":{"start":{"line":200,"column":0},"end":{"line":200,"column":53}},"200":{"start":{"line":201,"column":0},"end":{"line":201,"column":44}},"201":{"start":{"line":202,"column":0},"end":{"line":202,"column":32}},"202":{"start":{"line":203,"column":0},"end":{"line":203,"column":47}},"203":{"start":{"line":204,"column":0},"end":{"line":204,"column":85}},"204":{"start":{"line":205,"column":0},"end":{"line":205,"column":8}},"205":{"start":{"line":206,"column":0},"end":{"line":206,"column":30}},"206":{"start":{"line":207,"column":0},"end":{"line":207,"column":5}},"207":{"start":{"line":208,"column":0},"end":{"line":208,"column":22}},"209":{"start":{"line":210,"column":0},"end":{"line":210,"column":21}},"210":{"start":{"line":211,"column":0},"end":{"line":211,"column":31}},"211":{"start":{"line":212,"column":0},"end":{"line":212,"column":24}},"212":{"start":{"line":213,"column":0},"end":{"line":213,"column":5}},"213":{"start":{"line":214,"column":0},"end":{"line":214,"column":13}},"214":{"start":{"line":215,"column":0},"end":{"line":215,"column":3}},"216":{"start":{"line":217,"column":0},"end":{"line":217,"column":68}},"217":{"start":{"line":218,"column":0},"end":{"line":218,"column":20}},"218":{"start":{"line":219,"column":0},"end":{"line":219,"column":13}},"219":{"start":{"line":220,"column":0},"end":{"line":220,"column":3}},"221":{"start":{"line":222,"column":0},"end":{"line":222,"column":77}},"223":{"start":{"line":224,"column":0},"end":{"line":224,"column":5}},"224":{"start":{"line":225,"column":0},"end":{"line":225,"column":43}},"225":{"start":{"line":226,"column":0},"end":{"line":226,"column":4}},"226":{"start":{"line":227,"column":0},"end":{"line":227,"column":27}},"227":{"start":{"line":228,"column":0},"end":{"line":228,"column":57}},"228":{"start":{"line":229,"column":0},"end":{"line":229,"column":34}},"229":{"start":{"line":230,"column":0},"end":{"line":230,"column":55}},"230":{"start":{"line":231,"column":0},"end":{"line":231,"column":5}},"231":{"start":{"line":232,"column":0},"end":{"line":232,"column":74}},"232":{"start":{"line":233,"column":0},"end":{"line":233,"column":22}},"233":{"start":{"line":234,"column":0},"end":{"line":234,"column":30}},"234":{"start":{"line":235,"column":0},"end":{"line":235,"column":45}},"236":{"start":{"line":237,"column":0},"end":{"line":237,"column":30}},"237":{"start":{"line":238,"column":0},"end":{"line":238,"column":42}},"238":{"start":{"line":239,"column":0},"end":{"line":239,"column":56}},"239":{"start":{"line":240,"column":0},"end":{"line":240,"column":22}},"241":{"start":{"line":242,"column":0},"end":{"line":242,"column":50}},"242":{"start":{"line":243,"column":0},"end":{"line":243,"column":34}},"244":{"start":{"line":245,"column":0},"end":{"line":245,"column":23}},"245":{"start":{"line":246,"column":0},"end":{"line":246,"column":32}},"246":{"start":{"line":247,"column":0},"end":{"line":247,"column":67}},"247":{"start":{"line":248,"column":0},"end":{"line":248,"column":70}},"249":{"start":{"line":250,"column":0},"end":{"line":250,"column":37}},"250":{"start":{"line":251,"column":0},"end":{"line":251,"column":93}},"251":{"start":{"line":252,"column":0},"end":{"line":252,"column":7}},"252":{"start":{"line":253,"column":0},"end":{"line":253,"column":5}},"254":{"start":{"line":255,"column":0},"end":{"line":255,"column":18}},"255":{"start":{"line":256,"column":0},"end":{"line":256,"column":3}},"257":{"start":{"line":258,"column":0},"end":{"line":258,"column":63}},"258":{"start":{"line":259,"column":0},"end":{"line":259,"column":34}},"259":{"start":{"line":260,"column":0},"end":{"line":260,"column":79}},"260":{"start":{"line":261,"column":0},"end":{"line":261,"column":3}},"262":{"start":{"line":263,"column":0},"end":{"line":263,"column":69}},"263":{"start":{"line":264,"column":0},"end":{"line":264,"column":28}},"264":{"start":{"line":265,"column":0},"end":{"line":265,"column":24}},"265":{"start":{"line":266,"column":0},"end":{"line":266,"column":84}},"266":{"start":{"line":267,"column":0},"end":{"line":267,"column":6}},"267":{"start":{"line":268,"column":0},"end":{"line":268,"column":46}},"268":{"start":{"line":269,"column":0},"end":{"line":269,"column":3}},"270":{"start":{"line":271,"column":0},"end":{"line":271,"column":61}},"271":{"start":{"line":272,"column":0},"end":{"line":272,"column":26}},"272":{"start":{"line":273,"column":0},"end":{"line":273,"column":90}},"273":{"start":{"line":274,"column":0},"end":{"line":274,"column":3}},"275":{"start":{"line":276,"column":0},"end":{"line":276,"column":26}},"276":{"start":{"line":277,"column":0},"end":{"line":277,"column":20}},"277":{"start":{"line":278,"column":0},"end":{"line":278,"column":86}},"278":{"start":{"line":279,"column":0},"end":{"line":279,"column":3}},"280":{"start":{"line":281,"column":0},"end":{"line":281,"column":28}},"281":{"start":{"line":282,"column":0},"end":{"line":282,"column":10}},"283":{"start":{"line":284,"column":0},"end":{"line":284,"column":10}},"284":{"start":{"line":285,"column":0},"end":{"line":285,"column":10}},"285":{"start":{"line":286,"column":0},"end":{"line":286,"column":9}},"286":{"start":{"line":287,"column":0},"end":{"line":287,"column":10}},"287":{"start":{"line":288,"column":0},"end":{"line":288,"column":10}},"288":{"start":{"line":289,"column":0},"end":{"line":289,"column":10}},"289":{"start":{"line":290,"column":0},"end":{"line":290,"column":13}},"290":{"start":{"line":291,"column":0},"end":{"line":291,"column":12}},"291":{"start":{"line":292,"column":0},"end":{"line":292,"column":10}},"292":{"start":{"line":293,"column":0},"end":{"line":293,"column":38}},"293":{"start":{"line":294,"column":0},"end":{"line":294,"column":18}},"294":{"start":{"line":295,"column":0},"end":{"line":295,"column":18}},"295":{"start":{"line":296,"column":0},"end":{"line":296,"column":4}},"296":{"start":{"line":297,"column":0},"end":{"line":297,"column":1}}},"s":{"0":1,"1":1,"2":1,"3":1,"4":1,"5":1,"6":1,"7":1,"9":1,"10":1,"12":1,"14":1,"16":1,"17":1,"18":1,"19":1,"20":1,"21":1,"22":1,"23":1,"24":1,"25":1,"26":1,"27":1,"29":1,"30":1,"31":1,"32":1,"33":1,"34":1,"35":1,"37":1,"38":1,"39":1,"40":1,"41":1,"42":1,"43":1,"44":1,"45":1,"46":1,"47":1,"48":1,"49":1,"50":1034,"51":1034,"52":1034,"53":1034,"54":1034,"55":1034,"56":1034,"57":1034,"58":1034,"59":1034,"60":1034,"61":1034,"62":1034,"64":1,"66":1,"67":1,"68":1,"69":1,"70":1,"71":1,"72":1,"73":1,"74":1,"75":1,"76":1,"77":1,"78":1,"79":1,"80":1,"81":1,"82":20,"84":20,"85":20,"86":20,"87":20,"88":20,"90":20,"91":20,"93":20,"94":20,"95":20,"96":20,"97":20,"99":20,"101":20,"102":1029,"103":23,"104":22,"105":22,"106":23,"107":1029,"109":20,"110":45,"111":24,"113":45,"114":130,"115":130,"117":130,"118":5,"119":5,"120":5,"121":5,"123":130,"124":1,"125":1,"126":1,"127":1,"129":130,"130":130,"131":45,"133":20,"135":20,"136":1033,"137":1033,"138":1033,"140":1033,"141":1033,"143":1032,"145":1033,"146":6,"147":1033,"148":1026,"149":1026,"150":1026,"151":1033,"153":20,"154":6,"156":6,"157":2,"158":2,"159":2,"160":6,"161":4,"162":4,"163":4,"164":4,"165":4,"166":4,"167":4,"168":4,"170":6,"171":6,"172":3,"173":3,"174":3,"175":3,"176":3,"177":3,"178":3,"179":6,"180":6,"182":20,"184":20,"185":20,"186":1,"187":1,"188":1,"189":1,"190":20,"191":19,"192":20,"194":20,"195":5,"196":5,"197":5,"198":5,"199":5,"200":5,"201":1,"202":1,"203":1,"204":1,"205":1,"206":1,"207":5,"209":5,"210":1,"211":1,"212":1,"213":5,"214":5,"216":20,"217":20,"218":18,"219":18,"221":20,"223":20,"224":20,"225":20,"226":20,"227":20,"228":20,"229":20,"230":20,"231":20,"232":2,"233":2,"234":2,"236":2,"237":6,"238":6,"239":6,"241":6,"242":6,"244":6,"245":6,"246":6,"247":6,"249":6,"250":4,"251":4,"252":6,"254":2,"255":2,"257":20,"258":20,"259":3,"260":3,"262":20,"263":20,"264":0,"265":0,"266":0,"267":0,"268":0,"270":20,"271":20,"272":1,"273":1,"275":20,"276":20,"277":8,"278":8,"280":20,"281":20,"283":20,"284":20,"285":20,"286":20,"287":20,"288":20,"289":20,"290":20,"291":20,"292":20,"293":20,"294":20,"295":20,"296":20},"branchMap":{"0":{"type":"branch","line":50,"loc":{"start":{"line":50,"column":7},"end":{"line":63,"column":1}},"locations":[{"start":{"line":50,"column":7},"end":{"line":63,"column":1}}]},"1":{"type":"branch","line":61,"loc":{"start":{"line":61,"column":23},"end":{"line":61,"column":30}},"locations":[{"start":{"line":61,"column":23},"end":{"line":61,"column":30}}]},"2":{"type":"branch","line":82,"loc":{"start":{"line":82,"column":7},"end":{"line":297,"column":1}},"locations":[{"start":{"line":82,"column":7},"end":{"line":297,"column":1}}]},"3":{"type":"branch","line":102,"loc":{"start":{"line":102,"column":2},"end":{"line":108,"column":3}},"locations":[{"start":{"line":102,"column":2},"end":{"line":108,"column":3}}]},"4":{"type":"branch","line":103,"loc":{"start":{"line":103,"column":20},"end":{"line":103,"column":27}},"locations":[{"start":{"line":103,"column":20},"end":{"line":103,"column":27}}]},"5":{"type":"branch","line":103,"loc":{"start":{"line":103,"column":26},"end":{"line":108,"column":2}},"locations":[{"start":{"line":103,"column":26},"end":{"line":108,"column":2}}]},"6":{"type":"branch","line":104,"loc":{"start":{"line":104,"column":28},"end":{"line":107,"column":5}},"locations":[{"start":{"line":104,"column":28},"end":{"line":107,"column":5}}]},"7":{"type":"branch","line":110,"loc":{"start":{"line":110,"column":2},"end":{"line":132,"column":3}},"locations":[{"start":{"line":110,"column":2},"end":{"line":132,"column":3}}]},"8":{"type":"branch","line":111,"loc":{"start":{"line":111,"column":35},"end":{"line":111,"column":42}},"locations":[{"start":{"line":111,"column":35},"end":{"line":111,"column":42}}]},"9":{"type":"branch","line":111,"loc":{"start":{"line":111,"column":41},"end":{"line":114,"column":30}},"locations":[{"start":{"line":111,"column":41},"end":{"line":114,"column":30}}]},"10":{"type":"branch","line":114,"loc":{"start":{"line":114,"column":30},"end":{"line":131,"column":5}},"locations":[{"start":{"line":114,"column":30},"end":{"line":131,"column":5}}]},"11":{"type":"branch","line":118,"loc":{"start":{"line":118,"column":22},"end":{"line":122,"column":7}},"locations":[{"start":{"line":118,"column":22},"end":{"line":122,"column":7}}]},"12":{"type":"branch","line":124,"loc":{"start":{"line":124,"column":24},"end":{"line":128,"column":7}},"locations":[{"start":{"line":124,"column":24},"end":{"line":128,"column":7}}]},"13":{"type":"branch","line":130,"loc":{"start":{"line":130,"column":18},"end":{"line":130,"column":56}},"locations":[{"start":{"line":130,"column":18},"end":{"line":130,"column":56}}]},"14":{"type":"branch","line":131,"loc":{"start":{"line":131,"column":4},"end":{"line":132,"column":2}},"locations":[{"start":{"line":131,"column":4},"end":{"line":132,"column":2}}]},"15":{"type":"branch","line":136,"loc":{"start":{"line":136,"column":2},"end":{"line":152,"column":3}},"locations":[{"start":{"line":136,"column":2},"end":{"line":152,"column":3}}]},"16":{"type":"branch","line":137,"loc":{"start":{"line":137,"column":21},"end":{"line":137,"column":30}},"locations":[{"start":{"line":137,"column":21},"end":{"line":137,"column":30}}]},"17":{"type":"branch","line":138,"loc":{"start":{"line":138,"column":44},"end":{"line":138,"column":51}},"locations":[{"start":{"line":138,"column":44},"end":{"line":138,"column":51}}]},"18":{"type":"branch","line":142,"loc":{"start":{"line":142,"column":45},"end":{"line":142,"column":52}},"locations":[{"start":{"line":142,"column":45},"end":{"line":142,"column":52}}]},"19":{"type":"branch","line":142,"loc":{"start":{"line":142,"column":51},"end":{"line":146,"column":24}},"locations":[{"start":{"line":142,"column":51},"end":{"line":146,"column":24}}]},"20":{"type":"branch","line":146,"loc":{"start":{"line":146,"column":24},"end":{"line":148,"column":5}},"locations":[{"start":{"line":146,"column":24},"end":{"line":148,"column":5}}]},"21":{"type":"branch","line":148,"loc":{"start":{"line":148,"column":5},"end":{"line":151,"column":5}},"locations":[{"start":{"line":148,"column":5},"end":{"line":151,"column":5}}]},"22":{"type":"branch","line":154,"loc":{"start":{"line":154,"column":2},"end":{"line":181,"column":3}},"locations":[{"start":{"line":154,"column":2},"end":{"line":181,"column":3}}]},"23":{"type":"branch","line":157,"loc":{"start":{"line":157,"column":18},"end":{"line":161,"column":5}},"locations":[{"start":{"line":157,"column":18},"end":{"line":161,"column":5}}]},"24":{"type":"branch","line":161,"loc":{"start":{"line":161,"column":5},"end":{"line":169,"column":5}},"locations":[{"start":{"line":161,"column":5},"end":{"line":169,"column":5}}]},"25":{"type":"branch","line":172,"loc":{"start":{"line":172,"column":29},"end":{"line":180,"column":5}},"locations":[{"start":{"line":172,"column":29},"end":{"line":180,"column":5}}]},"26":{"type":"branch","line":174,"loc":{"start":{"line":174,"column":42},"end":{"line":175,"column":85}},"locations":[{"start":{"line":174,"column":42},"end":{"line":175,"column":85}}]},"27":{"type":"branch","line":185,"loc":{"start":{"line":185,"column":2},"end":{"line":193,"column":3}},"locations":[{"start":{"line":185,"column":2},"end":{"line":193,"column":3}}]},"28":{"type":"branch","line":186,"loc":{"start":{"line":186,"column":44},"end":{"line":190,"column":5}},"locations":[{"start":{"line":186,"column":44},"end":{"line":190,"column":5}}]},"29":{"type":"branch","line":190,"loc":{"start":{"line":190,"column":4},"end":{"line":191,"column":21}},"locations":[{"start":{"line":190,"column":4},"end":{"line":191,"column":21}}]},"30":{"type":"branch","line":191,"loc":{"start":{"line":191,"column":21},"end":{"line":191,"column":28}},"locations":[{"start":{"line":191,"column":21},"end":{"line":191,"column":28}}]},"31":{"type":"branch","line":191,"loc":{"start":{"line":191,"column":28},"end":{"line":193,"column":2}},"locations":[{"start":{"line":191,"column":28},"end":{"line":193,"column":2}}]},"32":{"type":"branch","line":195,"loc":{"start":{"line":195,"column":2},"end":{"line":215,"column":3}},"locations":[{"start":{"line":195,"column":2},"end":{"line":215,"column":3}}]},"33":{"type":"branch","line":201,"loc":{"start":{"line":201,"column":43},"end":{"line":207,"column":5}},"locations":[{"start":{"line":201,"column":43},"end":{"line":207,"column":5}}]},"34":{"type":"branch","line":210,"loc":{"start":{"line":210,"column":20},"end":{"line":213,"column":5}},"locations":[{"start":{"line":210,"column":20},"end":{"line":213,"column":5}}]},"35":{"type":"branch","line":203,"loc":{"start":{"line":203,"column":42},"end":{"line":204,"column":85}},"locations":[{"start":{"line":203,"column":42},"end":{"line":204,"column":85}}]},"36":{"type":"branch","line":218,"loc":{"start":{"line":218,"column":2},"end":{"line":220,"column":3}},"locations":[{"start":{"line":218,"column":2},"end":{"line":220,"column":3}}]},"37":{"type":"branch","line":232,"loc":{"start":{"line":232,"column":2},"end":{"line":256,"column":3}},"locations":[{"start":{"line":232,"column":2},"end":{"line":256,"column":3}}]},"38":{"type":"branch","line":237,"loc":{"start":{"line":237,"column":29},"end":{"line":253,"column":5}},"locations":[{"start":{"line":237,"column":29},"end":{"line":253,"column":5}}]},"39":{"type":"branch","line":239,"loc":{"start":{"line":239,"column":47},"end":{"line":239,"column":56}},"locations":[{"start":{"line":239,"column":47},"end":{"line":239,"column":56}}]},"40":{"type":"branch","line":247,"loc":{"start":{"line":247,"column":10},"end":{"line":247,"column":67}},"locations":[{"start":{"line":247,"column":10},"end":{"line":247,"column":67}}]},"41":{"type":"branch","line":248,"loc":{"start":{"line":248,"column":10},"end":{"line":248,"column":69}},"locations":[{"start":{"line":248,"column":10},"end":{"line":248,"column":69}}]},"42":{"type":"branch","line":250,"loc":{"start":{"line":250,"column":36},"end":{"line":252,"column":7}},"locations":[{"start":{"line":250,"column":36},"end":{"line":252,"column":7}}]},"43":{"type":"branch","line":251,"loc":{"start":{"line":251,"column":50},"end":{"line":251,"column":61}},"locations":[{"start":{"line":251,"column":50},"end":{"line":251,"column":61}}]},"44":{"type":"branch","line":251,"loc":{"start":{"line":251,"column":62},"end":{"line":251,"column":71}},"locations":[{"start":{"line":251,"column":62},"end":{"line":251,"column":71}}]},"45":{"type":"branch","line":242,"loc":{"start":{"line":242,"column":30},"end":{"line":242,"column":48}},"locations":[{"start":{"line":242,"column":30},"end":{"line":242,"column":48}}]},"46":{"type":"branch","line":247,"loc":{"start":{"line":247,"column":25},"end":{"line":247,"column":66}},"locations":[{"start":{"line":247,"column":25},"end":{"line":247,"column":66}}]},"47":{"type":"branch","line":247,"loc":{"start":{"line":247,"column":44},"end":{"line":247,"column":66}},"locations":[{"start":{"line":247,"column":44},"end":{"line":247,"column":66}}]},"48":{"type":"branch","line":248,"loc":{"start":{"line":248,"column":25},"end":{"line":248,"column":68}},"locations":[{"start":{"line":248,"column":25},"end":{"line":248,"column":68}}]},"49":{"type":"branch","line":248,"loc":{"start":{"line":248,"column":46},"end":{"line":248,"column":68}},"locations":[{"start":{"line":248,"column":46},"end":{"line":248,"column":68}}]},"50":{"type":"branch","line":259,"loc":{"start":{"line":259,"column":2},"end":{"line":261,"column":3}},"locations":[{"start":{"line":259,"column":2},"end":{"line":261,"column":3}}]},"51":{"type":"branch","line":260,"loc":{"start":{"line":260,"column":24},"end":{"line":260,"column":77}},"locations":[{"start":{"line":260,"column":24},"end":{"line":260,"column":77}}]},"52":{"type":"branch","line":260,"loc":{"start":{"line":260,"column":54},"end":{"line":260,"column":77}},"locations":[{"start":{"line":260,"column":54},"end":{"line":260,"column":77}}]},"53":{"type":"branch","line":272,"loc":{"start":{"line":272,"column":2},"end":{"line":274,"column":3}},"locations":[{"start":{"line":272,"column":2},"end":{"line":274,"column":3}}]},"54":{"type":"branch","line":273,"loc":{"start":{"line":273,"column":24},"end":{"line":273,"column":46}},"locations":[{"start":{"line":273,"column":24},"end":{"line":273,"column":46}}]},"55":{"type":"branch","line":273,"loc":{"start":{"line":273,"column":53},"end":{"line":273,"column":88}},"locations":[{"start":{"line":273,"column":53},"end":{"line":273,"column":88}}]},"56":{"type":"branch","line":277,"loc":{"start":{"line":277,"column":2},"end":{"line":279,"column":3}},"locations":[{"start":{"line":277,"column":2},"end":{"line":279,"column":3}}]}},"b":{"0":[1034],"1":[1032],"2":[20],"3":[1029],"4":[1006],"5":[23],"6":[22],"7":[45],"8":[21],"9":[24],"10":[130],"11":[5],"12":[1],"13":[0],"14":[24],"15":[1033],"16":[0],"17":[75],"18":[1],"19":[1032],"20":[6],"21":[1026],"22":[6],"23":[2],"24":[4],"25":[3],"26":[3],"27":[20],"28":[1],"29":[19],"30":[0],"31":[19],"32":[5],"33":[1],"34":[1],"35":[1],"36":[18],"37":[2],"38":[6],"39":[0],"40":[3],"41":[3],"42":[4],"43":[2],"44":[2],"45":[12],"46":[6],"47":[2],"48":[6],"49":[2],"50":[3],"51":[6],"52":[4],"53":[1],"54":[3],"55":[2],"56":[8]},"fnMap":{"0":{"name":"createChronicleNode","decl":{"start":{"line":50,"column":7},"end":{"line":63,"column":1}},"loc":{"start":{"line":50,"column":7},"end":{"line":63,"column":1}},"line":50},"1":{"name":"createChronicle","decl":{"start":{"line":82,"column":7},"end":{"line":297,"column":1}},"loc":{"start":{"line":82,"column":7},"end":{"line":297,"column":1}},"line":82},"2":{"name":"_scheduleBatchWrite","decl":{"start":{"line":102,"column":2},"end":{"line":108,"column":3}},"loc":{"start":{"line":102,"column":2},"end":{"line":108,"column":3}},"line":102},"3":{"name":"_flush","decl":{"start":{"line":110,"column":2},"end":{"line":132,"column":3}},"loc":{"start":{"line":110,"column":2},"end":{"line":132,"column":3}},"line":110},"4":{"name":"_handleChange","decl":{"start":{"line":136,"column":2},"end":{"line":152,"column":3}},"loc":{"start":{"line":136,"column":2},"end":{"line":152,"column":3}},"line":136},"5":{"name":"_handleDebounced","decl":{"start":{"line":154,"column":2},"end":{"line":181,"column":3}},"loc":{"start":{"line":154,"column":2},"end":{"line":181,"column":3}},"line":154},"6":{"name":"start","decl":{"start":{"line":185,"column":2},"end":{"line":193,"column":3}},"loc":{"start":{"line":185,"column":2},"end":{"line":193,"column":3}},"line":185},"7":{"name":"stop","decl":{"start":{"line":195,"column":2},"end":{"line":215,"column":3}},"loc":{"start":{"line":195,"column":2},"end":{"line":215,"column":3}},"line":195},"8":{"name":"flush","decl":{"start":{"line":218,"column":2},"end":{"line":220,"column":3}},"loc":{"start":{"line":218,"column":2},"end":{"line":220,"column":3}},"line":218},"9":{"name":"trace","decl":{"start":{"line":232,"column":2},"end":{"line":256,"column":3}},"loc":{"start":{"line":232,"column":2},"end":{"line":256,"column":3}},"line":232},"10":{"name":"range","decl":{"start":{"line":259,"column":2},"end":{"line":261,"column":3}},"loc":{"start":{"line":259,"column":2},"end":{"line":261,"column":3}},"line":259},"11":{"name":"subgraph","decl":{"start":{"line":264,"column":2},"end":{"line":269,"column":3}},"loc":{"start":{"line":264,"column":2},"end":{"line":269,"column":3}},"line":264},"12":{"name":"history","decl":{"start":{"line":272,"column":2},"end":{"line":274,"column":3}},"loc":{"start":{"line":272,"column":2},"end":{"line":274,"column":3}},"line":272},"13":{"name":"stats","decl":{"start":{"line":277,"column":2},"end":{"line":279,"column":3}},"loc":{"start":{"line":277,"column":2},"end":{"line":279,"column":3}},"line":277}},"f":{"0":1034,"1":20,"2":1029,"3":45,"4":1033,"5":6,"6":20,"7":5,"8":18,"9":2,"10":3,"11":0,"12":1,"13":8}}
,"/home/runner/work/chronos/chronos/src/diff.js": {"path":"/home/runner/work/chronos/chronos/src/diff.js","all":false,"statementMap":{"0":{"start":{"line":1,"column":0},"end":{"line":1,"column":3}},"1":{"start":{"line":2,"column":0},"end":{"line":2,"column":40}},"2":{"start":{"line":3,"column":0},"end":{"line":3,"column":2}},"3":{"start":{"line":4,"column":0},"end":{"line":4,"column":78}},"4":{"start":{"line":5,"column":0},"end":{"line":5,"column":19}},"5":{"start":{"line":6,"column":0},"end":{"line":6,"column":70}},"6":{"start":{"line":7,"column":0},"end":{"line":7,"column":70}},"7":{"start":{"line":8,"column":0},"end":{"line":8,"column":72}},"8":{"start":{"line":9,"column":0},"end":{"line":9,"column":79}},"9":{"start":{"line":10,"column":0},"end":{"line":10,"column":2}},"10":{"start":{"line":11,"column":0},"end":{"line":11,"column":31}},"11":{"start":{"line":12,"column":0},"end":{"line":12,"column":3}},"13":{"start":{"line":14,"column":0},"end":{"line":14,"column":3}},"14":{"start":{"line":15,"column":0},"end":{"line":15,"column":39}},"15":{"start":{"line":16,"column":0},"end":{"line":16,"column":32}},"16":{"start":{"line":17,"column":0},"end":{"line":17,"column":43}},"17":{"start":{"line":18,"column":0},"end":{"line":18,"column":87}},"18":{"start":{"line":19,"column":0},"end":{"line":19,"column":2}},"19":{"start":{"line":20,"column":0},"end":{"line":20,"column":64}},"20":{"start":{"line":21,"column":0},"end":{"line":21,"column":93}},"21":{"start":{"line":22,"column":0},"end":{"line":22,"column":3}},"23":{"start":{"line":24,"column":0},"end":{"line":24,"column":3}},"24":{"start":{"line":25,"column":0},"end":{"line":25,"column":63}},"25":{"start":{"line":26,"column":0},"end":{"line":26,"column":2}},"26":{"start":{"line":27,"column":0},"end":{"line":27,"column":37}},"27":{"start":{"line":28,"column":0},"end":{"line":28,"column":32}},"28":{"start":{"line":29,"column":0},"end":{"line":29,"column":71}},"29":{"start":{"line":30,"column":0},"end":{"line":30,"column":3}},"30":{"start":{"line":31,"column":0},"end":{"line":31,"column":44}},"31":{"start":{"line":32,"column":0},"end":{"line":32,"column":72}},"32":{"start":{"line":33,"column":0},"end":{"line":33,"column":36}},"34":{"start":{"line":35,"column":0},"end":{"line":35,"column":37}},"35":{"start":{"line":36,"column":0},"end":{"line":36,"column":27}},"36":{"start":{"line":37,"column":0},"end":{"line":37,"column":26}},"38":{"start":{"line":39,"column":0},"end":{"line":39,"column":44}},"40":{"start":{"line":41,"column":0},"end":{"line":41,"column":11}},"41":{"start":{"line":42,"column":0},"end":{"line":42,"column":52}},"43":{"start":{"line":44,"column":0},"end":{"line":44,"column":11}},"44":{"start":{"line":45,"column":0},"end":{"line":45,"column":51}},"46":{"start":{"line":47,"column":0},"end":{"line":47,"column":54}},"47":{"start":{"line":48,"column":0},"end":{"line":48,"column":54}},"49":{"start":{"line":50,"column":0},"end":{"line":50,"column":44}},"50":{"start":{"line":51,"column":0},"end":{"line":51,"column":67}},"52":{"start":{"line":53,"column":0},"end":{"line":53,"column":52}},"53":{"start":{"line":54,"column":0},"end":{"line":54,"column":50}},"55":{"start":{"line":56,"column":0},"end":{"line":56,"column":56}},"56":{"start":{"line":57,"column":0},"end":{"line":57,"column":63}},"57":{"start":{"line":58,"column":0},"end":{"line":58,"column":1}},"59":{"start":{"line":60,"column":0},"end":{"line":60,"column":3}},"60":{"start":{"line":61,"column":0},"end":{"line":61,"column":38}},"61":{"start":{"line":62,"column":0},"end":{"line":62,"column":11}},"62":{"start":{"line":63,"column":0},"end":{"line":63,"column":3}},"63":{"start":{"line":64,"column":0},"end":{"line":64,"column":29}},"64":{"start":{"line":65,"column":0},"end":{"line":65,"column":21}},"65":{"start":{"line":66,"column":0},"end":{"line":66,"column":66}},"67":{"start":{"line":68,"column":0},"end":{"line":68,"column":30}},"68":{"start":{"line":69,"column":0},"end":{"line":69,"column":42}},"69":{"start":{"line":70,"column":0},"end":{"line":70,"column":37}},"70":{"start":{"line":71,"column":0},"end":{"line":71,"column":3}},"72":{"start":{"line":73,"column":0},"end":{"line":73,"column":75}},"73":{"start":{"line":74,"column":0},"end":{"line":74,"column":1}},"75":{"start":{"line":76,"column":0},"end":{"line":76,"column":3}},"76":{"start":{"line":77,"column":0},"end":{"line":77,"column":33}},"77":{"start":{"line":78,"column":0},"end":{"line":78,"column":75}},"78":{"start":{"line":79,"column":0},"end":{"line":79,"column":11}},"79":{"start":{"line":80,"column":0},"end":{"line":80,"column":3}},"80":{"start":{"line":81,"column":0},"end":{"line":81,"column":28}},"81":{"start":{"line":82,"column":0},"end":{"line":82,"column":73}},"83":{"start":{"line":84,"column":0},"end":{"line":84,"column":21}},"84":{"start":{"line":85,"column":0},"end":{"line":85,"column":25}},"86":{"start":{"line":87,"column":0},"end":{"line":87,"column":38}},"87":{"start":{"line":88,"column":0},"end":{"line":88,"column":38}},"88":{"start":{"line":89,"column":0},"end":{"line":89,"column":21}},"89":{"start":{"line":90,"column":0},"end":{"line":90,"column":21}},"90":{"start":{"line":91,"column":0},"end":{"line":91,"column":24}},"91":{"start":{"line":92,"column":0},"end":{"line":92,"column":5}},"92":{"start":{"line":93,"column":0},"end":{"line":93,"column":3}},"94":{"start":{"line":95,"column":0},"end":{"line":95,"column":54}},"95":{"start":{"line":96,"column":0},"end":{"line":96,"column":1}}},"s":{"0":1,"1":1,"2":1,"3":1,"4":1,"5":1,"6":1,"7":1,"8":1,"9":1,"10":1,"11":1,"13":1,"14":1,"15":1,"16":1,"17":1,"18":1,"19":1,"20":1,"21":1,"23":1,"24":1,"25":1,"26":1,"27":1,"28":1,"29":1,"30":1,"31":4013,"32":4013,"34":3993,"35":4013,"36":4013,"38":4013,"40":3993,"41":4013,"43":3837,"44":4013,"46":4013,"47":4013,"49":4013,"50":4013,"52":4013,"53":4013,"55":1919,"56":4013,"57":4013,"59":1,"60":1,"61":1,"62":1,"63":1909,"64":1909,"65":1909,"67":1909,"68":1915,"69":1915,"70":1915,"72":1909,"73":1909,"75":1,"76":1,"77":1,"78":1,"79":1,"80":4,"81":4,"83":3,"84":3,"86":4,"87":9,"88":9,"89":1,"90":1,"91":1,"92":9,"94":4,"95":4},"branchMap":{"0":{"type":"branch","line":31,"loc":{"start":{"line":31,"column":7},"end":{"line":58,"column":1}},"locations":[{"start":{"line":31,"column":7},"end":{"line":58,"column":1}}]},"1":{"type":"branch","line":33,"loc":{"start":{"line":33,"column":24},"end":{"line":33,"column":36}},"locations":[{"start":{"line":33,"column":24},"end":{"line":33,"column":36}}]},"2":{"type":"branch","line":33,"loc":{"start":{"line":33,"column":35},"end":{"line":36,"column":19}},"locations":[{"start":{"line":33,"column":35},"end":{"line":36,"column":19}}]},"3":{"type":"branch","line":36,"loc":{"start":{"line":36,"column":19},"end":{"line":36,"column":26}},"locations":[{"start":{"line":36,"column":19},"end":{"line":36,"column":26}}]},"4":{"type":"branch","line":37,"loc":{"start":{"line":37,"column":18},"end":{"line":37,"column":25}},"locations":[{"start":{"line":37,"column":18},"end":{"line":37,"column":25}}]},"5":{"type":"branch","line":39,"loc":{"start":{"line":39,"column":17},"end":{"line":39,"column":30}},"locations":[{"start":{"line":39,"column":17},"end":{"line":39,"column":30}}]},"6":{"type":"branch","line":39,"loc":{"start":{"line":39,"column":32},"end":{"line":39,"column":44}},"locations":[{"start":{"line":39,"column":32},"end":{"line":39,"column":44}}]},"7":{"type":"branch","line":39,"loc":{"start":{"line":39,"column":43},"end":{"line":42,"column":18}},"locations":[{"start":{"line":39,"column":43},"end":{"line":42,"column":18}}]},"8":{"type":"branch","line":42,"loc":{"start":{"line":42,"column":18},"end":{"line":42,"column":52}},"locations":[{"start":{"line":42,"column":18},"end":{"line":42,"column":52}}]},"9":{"type":"branch","line":42,"loc":{"start":{"line":42,"column":51},"end":{"line":45,"column":18}},"locations":[{"start":{"line":42,"column":51},"end":{"line":45,"column":18}}]},"10":{"type":"branch","line":45,"loc":{"start":{"line":45,"column":18},"end":{"line":45,"column":51}},"locations":[{"start":{"line":45,"column":18},"end":{"line":45,"column":51}}]},"11":{"type":"branch","line":45,"loc":{"start":{"line":45,"column":50},"end":{"line":47,"column":33}},"locations":[{"start":{"line":45,"column":50},"end":{"line":47,"column":33}}]},"12":{"type":"branch","line":47,"loc":{"start":{"line":47,"column":33},"end":{"line":47,"column":42}},"locations":[{"start":{"line":47,"column":33},"end":{"line":47,"column":42}}]},"13":{"type":"branch","line":47,"loc":{"start":{"line":47,"column":43},"end":{"line":47,"column":53}},"locations":[{"start":{"line":47,"column":43},"end":{"line":47,"column":53}}]},"14":{"type":"branch","line":48,"loc":{"start":{"line":48,"column":33},"end":{"line":48,"column":42}},"locations":[{"start":{"line":48,"column":33},"end":{"line":48,"column":42}}]},"15":{"type":"branch","line":48,"loc":{"start":{"line":48,"column":43},"end":{"line":48,"column":53}},"locations":[{"start":{"line":48,"column":43},"end":{"line":48,"column":53}}]},"16":{"type":"branch","line":51,"loc":{"start":{"line":51,"column":23},"end":{"line":51,"column":67}},"locations":[{"start":{"line":51,"column":23},"end":{"line":51,"column":67}}]},"17":{"type":"branch","line":51,"loc":{"start":{"line":51,"column":66},"end":{"line":53,"column":26}},"locations":[{"start":{"line":51,"column":66},"end":{"line":53,"column":26}}]},"18":{"type":"branch","line":53,"loc":{"start":{"line":53,"column":26},"end":{"line":53,"column":52}},"locations":[{"start":{"line":53,"column":26},"end":{"line":53,"column":52}}]},"19":{"type":"branch","line":53,"loc":{"start":{"line":53,"column":51},"end":{"line":54,"column":25}},"locations":[{"start":{"line":53,"column":51},"end":{"line":54,"column":25}}]},"20":{"type":"branch","line":54,"loc":{"start":{"line":54,"column":25},"end":{"line":54,"column":50}},"locations":[{"start":{"line":54,"column":25},"end":{"line":54,"column":50}}]},"21":{"type":"branch","line":54,"loc":{"start":{"line":54,"column":49},"end":{"line":57,"column":17}},"locations":[{"start":{"line":54,"column":49},"end":{"line":57,"column":17}}]},"22":{"type":"branch","line":57,"loc":{"start":{"line":57,"column":17},"end":{"line":57,"column":23}},"locations":[{"start":{"line":57,"column":17},"end":{"line":57,"column":23}}]},"23":{"type":"branch","line":57,"loc":{"start":{"line":57,"column":24},"end":{"line":57,"column":62}},"locations":[{"start":{"line":57,"column":24},"end":{"line":57,"column":62}}]},"24":{"type":"branch","line":64,"loc":{"start":{"line":64,"column":0},"end":{"line":74,"column":1}},"locations":[{"start":{"line":64,"column":0},"end":{"line":74,"column":1}}]},"25":{"type":"branch","line":68,"loc":{"start":{"line":68,"column":29},"end":{"line":71,"column":3}},"locations":[{"start":{"line":68,"column":29},"end":{"line":71,"column":3}}]},"26":{"type":"branch","line":70,"loc":{"start":{"line":70,"column":20},"end":{"line":70,"column":37}},"locations":[{"start":{"line":70,"column":20},"end":{"line":70,"column":37}}]},"27":{"type":"branch","line":73,"loc":{"start":{"line":73,"column":41},"end":{"line":73,"column":67}},"locations":[{"start":{"line":73,"column":41},"end":{"line":73,"column":67}}]},"28":{"type":"branch","line":73,"loc":{"start":{"line":73,"column":68},"end":{"line":73,"column":74}},"locations":[{"start":{"line":73,"column":68},"end":{"line":73,"column":74}}]},"29":{"type":"branch","line":81,"loc":{"start":{"line":81,"column":0},"end":{"line":96,"column":1}},"locations":[{"start":{"line":81,"column":0},"end":{"line":96,"column":1}}]},"30":{"type":"branch","line":82,"loc":{"start":{"line":82,"column":29},"end":{"line":82,"column":73}},"locations":[{"start":{"line":82,"column":29},"end":{"line":82,"column":73}}]},"31":{"type":"branch","line":82,"loc":{"start":{"line":82,"column":72},"end":{"line":87,"column":37}},"locations":[{"start":{"line":82,"column":72},"end":{"line":87,"column":37}}]},"32":{"type":"branch","line":87,"loc":{"start":{"line":87,"column":37},"end":{"line":93,"column":3}},"locations":[{"start":{"line":87,"column":37},"end":{"line":93,"column":3}}]},"33":{"type":"branch","line":89,"loc":{"start":{"line":89,"column":20},"end":{"line":92,"column":5}},"locations":[{"start":{"line":89,"column":20},"end":{"line":92,"column":5}}]},"34":{"type":"branch","line":93,"loc":{"start":{"line":93,"column":2},"end":{"line":95,"column":20}},"locations":[{"start":{"line":93,"column":2},"end":{"line":95,"column":20}}]},"35":{"type":"branch","line":95,"loc":{"start":{"line":95,"column":20},"end":{"line":95,"column":46}},"locations":[{"start":{"line":95,"column":20},"end":{"line":95,"column":46}}]},"36":{"type":"branch","line":95,"loc":{"start":{"line":95,"column":47},"end":{"line":95,"column":53}},"locations":[{"start":{"line":95,"column":47},"end":{"line":95,"column":53}}]}},"b":{"0":[4013],"1":[20],"2":[3993],"3":[156],"4":[3],"5":[156],"6":[0],"7":[3993],"8":[156],"9":[3837],"10":[3],"11":[3834],"12":[5],"13":[3829],"14":[4],"15":[3830],"16":[2],"17":[3832],"18":[1909],"19":[1923],"20":[4],"21":[1919],"22":[0],"23":[1919],"24":[1909],"25":[1915],"26":[1908],"27":[1908],"28":[1],"29":[4],"30":[1],"31":[3],"32":[9],"33":[1],"34":[3],"35":[1],"36":[2]},"fnMap":{"0":{"name":"computeDiff","decl":{"start":{"line":31,"column":7},"end":{"line":58,"column":1}},"loc":{"start":{"line":31,"column":7},"end":{"line":58,"column":1}},"line":31},"1":{"name":"_diffObjects","decl":{"start":{"line":64,"column":0},"end":{"line":74,"column":1}},"loc":{"start":{"line":64,"column":0},"end":{"line":74,"column":1}},"line":64},"2":{"name":"_diffArrays","decl":{"start":{"line":81,"column":0},"end":{"line":96,"column":1}},"loc":{"start":{"line":81,"column":0},"end":{"line":96,"column":1}},"line":81}},"f":{"0":4013,"1":1909,"2":4}}
,"/home/runner/work/chronos/chronos/src/index.js": {"path":"/home/runner/work/chronos/chronos/src/index.js","all":false,"statementMap":{"0":{"start":{"line":1,"column":0},"end":{"line":1,"column":3}},"1":{"start":{"line":2,"column":0},"end":{"line":2,"column":39}},"2":{"start":{"line":3,"column":0},"end":{"line":3,"column":2}},"3":{"start":{"line":4,"column":0},"end":{"line":4,"column":56}},"4":{"start":{"line":5,"column":0},"end":{"line":5,"column":2}},"5":{"start":{"line":6,"column":0},"end":{"line":6,"column":26}},"6":{"start":{"line":7,"column":0},"end":{"line":7,"column":3}},"8":{"start":{"line":9,"column":0},"end":{"line":9,"column":54}},"10":{"start":{"line":11,"column":0},"end":{"line":11,"column":79}},"12":{"start":{"line":13,"column":0},"end":{"line":13,"column":20}},"14":{"start":{"line":15,"column":0},"end":{"line":15,"column":3}},"15":{"start":{"line":16,"column":0},"end":{"line":16,"column":44}},"16":{"start":{"line":17,"column":0},"end":{"line":17,"column":2}},"17":{"start":{"line":18,"column":0},"end":{"line":18,"column":56}},"18":{"start":{"line":19,"column":0},"end":{"line":19,"column":63}},"19":{"start":{"line":20,"column":0},"end":{"line":20,"column":58}},"20":{"start":{"line":21,"column":0},"end":{"line":21,"column":56}},"21":{"start":{"line":22,"column":0},"end":{"line":22,"column":60}},"22":{"start":{"line":23,"column":0},"end":{"line":23,"column":3}},"23":{"start":{"line":24,"column":0},"end":{"line":24,"column":60}},"24":{"start":{"line":25,"column":0},"end":{"line":25,"column":10}},"25":{"start":{"line":26,"column":0},"end":{"line":26,"column":48}},"26":{"start":{"line":27,"column":0},"end":{"line":27,"column":26}},"27":{"start":{"line":28,"column":0},"end":{"line":28,"column":9}},"28":{"start":{"line":29,"column":0},"end":{"line":29,"column":28}},"29":{"start":{"line":30,"column":0},"end":{"line":30,"column":26}},"30":{"start":{"line":31,"column":0},"end":{"line":31,"column":31}},"31":{"start":{"line":32,"column":0},"end":{"line":32,"column":4}},"32":{"start":{"line":33,"column":0},"end":{"line":33,"column":1}},"34":{"start":{"line":35,"column":0},"end":{"line":35,"column":79}},"36":{"start":{"line":37,"column":0},"end":{"line":37,"column":3}},"37":{"start":{"line":38,"column":0},"end":{"line":38,"column":67}},"38":{"start":{"line":39,"column":0},"end":{"line":39,"column":44}},"39":{"start":{"line":40,"column":0},"end":{"line":40,"column":2}},"40":{"start":{"line":41,"column":0},"end":{"line":41,"column":83}},"41":{"start":{"line":42,"column":0},"end":{"line":42,"column":28}},"42":{"start":{"line":43,"column":0},"end":{"line":43,"column":70}},"43":{"start":{"line":44,"column":0},"end":{"line":44,"column":77}},"44":{"start":{"line":45,"column":0},"end":{"line":45,"column":75}},"45":{"start":{"line":46,"column":0},"end":{"line":46,"column":88}},"46":{"start":{"line":47,"column":0},"end":{"line":47,"column":100}},"47":{"start":{"line":48,"column":0},"end":{"line":48,"column":3}},"48":{"start":{"line":49,"column":0},"end":{"line":49,"column":49}},"49":{"start":{"line":50,"column":0},"end":{"line":50,"column":84}},"50":{"start":{"line":51,"column":0},"end":{"line":51,"column":19}},"51":{"start":{"line":52,"column":0},"end":{"line":52,"column":19}},"52":{"start":{"line":53,"column":0},"end":{"line":53,"column":24}},"53":{"start":{"line":54,"column":0},"end":{"line":54,"column":24}},"55":{"start":{"line":56,"column":0},"end":{"line":56,"column":77}},"57":{"start":{"line":58,"column":0},"end":{"line":58,"column":33}},"58":{"start":{"line":59,"column":0},"end":{"line":59,"column":27}},"59":{"start":{"line":60,"column":0},"end":{"line":60,"column":35}},"60":{"start":{"line":61,"column":0},"end":{"line":61,"column":14}},"61":{"start":{"line":62,"column":0},"end":{"line":62,"column":24}},"62":{"start":{"line":63,"column":0},"end":{"line":63,"column":16}},"63":{"start":{"line":64,"column":0},"end":{"line":64,"column":3}},"65":{"start":{"line":66,"column":0},"end":{"line":66,"column":20}},"66":{"start":{"line":67,"column":0},"end":{"line":67,"column":42}},"67":{"start":{"line":68,"column":0},"end":{"line":68,"column":51}},"69":{"start":{"line":70,"column":0},"end":{"line":70,"column":31}},"70":{"start":{"line":71,"column":0},"end":{"line":71,"column":23}},"72":{"start":{"line":73,"column":0},"end":{"line":73,"column":20}},"73":{"start":{"line":74,"column":0},"end":{"line":74,"column":28}},"75":{"start":{"line":76,"column":0},"end":{"line":76,"column":26}},"76":{"start":{"line":77,"column":0},"end":{"line":77,"column":23}},"77":{"start":{"line":78,"column":0},"end":{"line":78,"column":22}},"78":{"start":{"line":79,"column":0},"end":{"line":79,"column":27}},"79":{"start":{"line":80,"column":0},"end":{"line":80,"column":22}},"80":{"start":{"line":81,"column":0},"end":{"line":81,"column":25}},"81":{"start":{"line":82,"column":0},"end":{"line":82,"column":36}},"82":{"start":{"line":83,"column":0},"end":{"line":83,"column":10}},"83":{"start":{"line":84,"column":0},"end":{"line":84,"column":25}},"84":{"start":{"line":85,"column":0},"end":{"line":85,"column":30}},"85":{"start":{"line":86,"column":0},"end":{"line":86,"column":7}},"87":{"start":{"line":88,"column":0},"end":{"line":88,"column":27}},"88":{"start":{"line":89,"column":0},"end":{"line":89,"column":25}},"89":{"start":{"line":90,"column":0},"end":{"line":90,"column":22}},"90":{"start":{"line":91,"column":0},"end":{"line":91,"column":29}},"91":{"start":{"line":92,"column":0},"end":{"line":92,"column":22}},"92":{"start":{"line":93,"column":0},"end":{"line":93,"column":26}},"93":{"start":{"line":94,"column":0},"end":{"line":94,"column":36}},"94":{"start":{"line":95,"column":0},"end":{"line":95,"column":10}},"95":{"start":{"line":96,"column":0},"end":{"line":96,"column":25}},"96":{"start":{"line":97,"column":0},"end":{"line":97,"column":30}},"97":{"start":{"line":98,"column":0},"end":{"line":98,"column":7}},"99":{"start":{"line":100,"column":0},"end":{"line":100,"column":39}},"100":{"start":{"line":101,"column":0},"end":{"line":101,"column":19}},"101":{"start":{"line":102,"column":0},"end":{"line":102,"column":46}},"102":{"start":{"line":103,"column":0},"end":{"line":103,"column":7}},"103":{"start":{"line":104,"column":0},"end":{"line":104,"column":5}},"104":{"start":{"line":105,"column":0},"end":{"line":105,"column":3}},"106":{"start":{"line":107,"column":0},"end":{"line":107,"column":76}},"108":{"start":{"line":109,"column":0},"end":{"line":109,"column":25}},"110":{"start":{"line":111,"column":0},"end":{"line":111,"column":20}},"111":{"start":{"line":112,"column":0},"end":{"line":112,"column":45}},"112":{"start":{"line":113,"column":0},"end":{"line":113,"column":94}},"113":{"start":{"line":114,"column":0},"end":{"line":114,"column":5}},"115":{"start":{"line":116,"column":0},"end":{"line":116,"column":49}},"116":{"start":{"line":117,"column":0},"end":{"line":117,"column":37}},"118":{"start":{"line":119,"column":0},"end":{"line":119,"column":40}},"119":{"start":{"line":120,"column":0},"end":{"line":120,"column":33}},"120":{"start":{"line":121,"column":0},"end":{"line":121,"column":54}},"121":{"start":{"line":122,"column":0},"end":{"line":122,"column":25}},"123":{"start":{"line":124,"column":0},"end":{"line":124,"column":33}},"124":{"start":{"line":125,"column":0},"end":{"line":125,"column":67}},"126":{"start":{"line":127,"column":0},"end":{"line":127,"column":55}},"128":{"start":{"line":129,"column":0},"end":{"line":129,"column":62}},"129":{"start":{"line":130,"column":0},"end":{"line":130,"column":30}},"130":{"start":{"line":131,"column":0},"end":{"line":131,"column":27}},"131":{"start":{"line":132,"column":0},"end":{"line":132,"column":7}},"132":{"start":{"line":133,"column":0},"end":{"line":133,"column":3}},"134":{"start":{"line":135,"column":0},"end":{"line":135,"column":19}},"135":{"start":{"line":136,"column":0},"end":{"line":136,"column":59}},"136":{"start":{"line":137,"column":0},"end":{"line":137,"column":20}},"137":{"start":{"line":138,"column":0},"end":{"line":138,"column":5}},"138":{"start":{"line":139,"column":0},"end":{"line":139,"column":21}},"139":{"start":{"line":140,"column":0},"end":{"line":140,"column":31}},"140":{"start":{"line":141,"column":0},"end":{"line":141,"column":29}},"141":{"start":{"line":142,"column":0},"end":{"line":142,"column":5}},"142":{"start":{"line":143,"column":0},"end":{"line":143,"column":3}},"144":{"start":{"line":145,"column":0},"end":{"line":145,"column":77}},"146":{"start":{"line":147,"column":0},"end":{"line":147,"column":5}},"147":{"start":{"line":148,"column":0},"end":{"line":148,"column":33}},"148":{"start":{"line":149,"column":0},"end":{"line":149,"column":43}},"149":{"start":{"line":150,"column":0},"end":{"line":150,"column":44}},"150":{"start":{"line":151,"column":0},"end":{"line":151,"column":34}},"151":{"start":{"line":152,"column":0},"end":{"line":152,"column":5}},"152":{"start":{"line":153,"column":0},"end":{"line":153,"column":74}},"153":{"start":{"line":154,"column":0},"end":{"line":154,"column":22}},"154":{"start":{"line":155,"column":0},"end":{"line":155,"column":30}},"155":{"start":{"line":156,"column":0},"end":{"line":156,"column":45}},"157":{"start":{"line":158,"column":0},"end":{"line":158,"column":30}},"158":{"start":{"line":159,"column":0},"end":{"line":159,"column":42}},"159":{"start":{"line":160,"column":0},"end":{"line":160,"column":56}},"160":{"start":{"line":161,"column":0},"end":{"line":161,"column":22}},"162":{"start":{"line":163,"column":0},"end":{"line":163,"column":50}},"163":{"start":{"line":164,"column":0},"end":{"line":164,"column":34}},"165":{"start":{"line":166,"column":0},"end":{"line":166,"column":29}},"166":{"start":{"line":167,"column":0},"end":{"line":167,"column":23}},"167":{"start":{"line":168,"column":0},"end":{"line":168,"column":32}},"168":{"start":{"line":169,"column":0},"end":{"line":169,"column":67}},"169":{"start":{"line":170,"column":0},"end":{"line":170,"column":70}},"171":{"start":{"line":172,"column":0},"end":{"line":172,"column":37}},"172":{"start":{"line":173,"column":0},"end":{"line":173,"column":70}},"173":{"start":{"line":174,"column":0},"end":{"line":174,"column":53}},"174":{"start":{"line":175,"column":0},"end":{"line":175,"column":7}},"175":{"start":{"line":176,"column":0},"end":{"line":176,"column":5}},"177":{"start":{"line":178,"column":0},"end":{"line":178,"column":18}},"178":{"start":{"line":179,"column":0},"end":{"line":179,"column":3}},"180":{"start":{"line":181,"column":0},"end":{"line":181,"column":5}},"181":{"start":{"line":182,"column":0},"end":{"line":182,"column":39}},"182":{"start":{"line":183,"column":0},"end":{"line":183,"column":5}},"183":{"start":{"line":184,"column":0},"end":{"line":184,"column":34}},"184":{"start":{"line":185,"column":0},"end":{"line":185,"column":79}},"185":{"start":{"line":186,"column":0},"end":{"line":186,"column":3}},"187":{"start":{"line":188,"column":0},"end":{"line":188,"column":5}},"188":{"start":{"line":189,"column":0},"end":{"line":189,"column":57}},"189":{"start":{"line":190,"column":0},"end":{"line":190,"column":5}},"190":{"start":{"line":191,"column":0},"end":{"line":191,"column":28}},"191":{"start":{"line":192,"column":0},"end":{"line":192,"column":35}},"192":{"start":{"line":193,"column":0},"end":{"line":193,"column":84}},"193":{"start":{"line":194,"column":0},"end":{"line":194,"column":6}},"194":{"start":{"line":195,"column":0},"end":{"line":195,"column":57}},"195":{"start":{"line":196,"column":0},"end":{"line":196,"column":3}},"197":{"start":{"line":198,"column":0},"end":{"line":198,"column":5}},"198":{"start":{"line":199,"column":0},"end":{"line":199,"column":39}},"199":{"start":{"line":200,"column":0},"end":{"line":200,"column":5}},"200":{"start":{"line":201,"column":0},"end":{"line":201,"column":26}},"201":{"start":{"line":202,"column":0},"end":{"line":202,"column":90}},"202":{"start":{"line":203,"column":0},"end":{"line":203,"column":3}},"204":{"start":{"line":205,"column":0},"end":{"line":205,"column":5}},"205":{"start":{"line":206,"column":0},"end":{"line":206,"column":27}},"206":{"start":{"line":207,"column":0},"end":{"line":207,"column":5}},"207":{"start":{"line":208,"column":0},"end":{"line":208,"column":20}},"208":{"start":{"line":209,"column":0},"end":{"line":209,"column":12}},"209":{"start":{"line":210,"column":0},"end":{"line":210,"column":26}},"210":{"start":{"line":211,"column":0},"end":{"line":211,"column":26}},"211":{"start":{"line":212,"column":0},"end":{"line":212,"column":35}},"212":{"start":{"line":213,"column":0},"end":{"line":213,"column":6}},"213":{"start":{"line":214,"column":0},"end":{"line":214,"column":3}},"215":{"start":{"line":216,"column":0},"end":{"line":216,"column":77}},"217":{"start":{"line":218,"column":0},"end":{"line":218,"column":27}},"218":{"start":{"line":219,"column":0},"end":{"line":219,"column":10}},"220":{"start":{"line":221,"column":0},"end":{"line":221,"column":10}},"221":{"start":{"line":222,"column":0},"end":{"line":222,"column":10}},"222":{"start":{"line":223,"column":0},"end":{"line":223,"column":9}},"223":{"start":{"line":224,"column":0},"end":{"line":224,"column":10}},"224":{"start":{"line":225,"column":0},"end":{"line":225,"column":10}},"225":{"start":{"line":226,"column":0},"end":{"line":226,"column":10}},"226":{"start":{"line":227,"column":0},"end":{"line":227,"column":13}},"227":{"start":{"line":228,"column":0},"end":{"line":228,"column":12}},"228":{"start":{"line":229,"column":0},"end":{"line":229,"column":10}},"229":{"start":{"line":230,"column":0},"end":{"line":230,"column":25}},"230":{"start":{"line":231,"column":0},"end":{"line":231,"column":18}},"231":{"start":{"line":232,"column":0},"end":{"line":232,"column":18}},"232":{"start":{"line":233,"column":0},"end":{"line":233,"column":4}},"233":{"start":{"line":234,"column":0},"end":{"line":234,"column":1}}},"s":{"0":1,"1":1,"2":1,"3":1,"4":1,"5":1,"6":1,"8":1,"10":1,"12":1,"14":1,"15":1,"16":1,"17":1,"18":1,"19":1,"20":1,"21":1,"22":1,"23":1,"24":25,"25":25,"26":25,"27":25,"28":25,"29":25,"30":25,"31":25,"32":25,"34":1,"36":1,"37":1,"38":1,"39":1,"40":1,"41":1,"42":1,"43":1,"44":1,"45":1,"46":1,"47":1,"48":1,"49":11,"50":11,"51":11,"52":11,"53":11,"55":11,"57":11,"58":21,"59":18,"60":17,"61":17,"62":18,"63":21,"65":11,"66":36,"67":18,"69":33,"70":21,"72":21,"73":21,"75":21,"76":21,"77":6,"78":6,"79":6,"80":6,"81":6,"82":6,"83":6,"84":6,"85":6,"87":21,"88":21,"89":0,"90":0,"91":0,"92":0,"93":0,"94":0,"95":0,"96":0,"97":0,"99":21,"100":21,"101":3,"102":3,"103":21,"104":36,"106":11,"108":11,"110":11,"111":11,"112":0,"113":0,"115":11,"116":11,"118":11,"119":22,"120":22,"121":22,"123":22,"124":22,"126":21,"128":21,"129":21,"130":21,"131":11,"132":11,"134":11,"135":1,"136":1,"137":1,"138":1,"139":1,"140":1,"141":1,"142":1,"144":11,"146":11,"147":11,"148":11,"149":11,"150":11,"151":11,"152":11,"153":2,"154":2,"155":2,"157":2,"158":6,"159":6,"160":6,"162":6,"163":6,"165":6,"166":6,"167":6,"168":6,"169":6,"171":6,"172":4,"173":4,"174":4,"175":6,"177":2,"178":2,"180":11,"181":11,"182":11,"183":11,"184":2,"185":2,"187":11,"188":11,"189":11,"190":11,"191":0,"192":0,"193":0,"194":0,"195":0,"197":11,"198":11,"199":11,"200":11,"201":1,"202":1,"204":11,"205":11,"206":11,"207":11,"208":5,"209":5,"210":5,"211":5,"212":5,"213":5,"215":11,"217":11,"218":11,"220":11,"221":11,"222":11,"223":11,"224":11,"225":11,"226":11,"227":11,"228":11,"229":11,"230":11,"231":11,"232":11,"233":11},"branchMap":{"0":{"type":"branch","line":24,"loc":{"start":{"line":24,"column":7},"end":{"line":33,"column":1}},"locations":[{"start":{"line":24,"column":7},"end":{"line":33,"column":1}}]},"1":{"type":"branch","line":31,"loc":{"start":{"line":31,"column":23},"end":{"line":31,"column":30}},"locations":[{"start":{"line":31,"column":23},"end":{"line":31,"column":30}}]},"2":{"type":"branch","line":49,"loc":{"start":{"line":49,"column":7},"end":{"line":234,"column":1}},"locations":[{"start":{"line":49,"column":7},"end":{"line":234,"column":1}}]},"3":{"type":"branch","line":58,"loc":{"start":{"line":58,"column":2},"end":{"line":64,"column":3}},"locations":[{"start":{"line":58,"column":2},"end":{"line":64,"column":3}}]},"4":{"type":"branch","line":59,"loc":{"start":{"line":59,"column":20},"end":{"line":59,"column":27}},"locations":[{"start":{"line":59,"column":20},"end":{"line":59,"column":27}}]},"5":{"type":"branch","line":59,"loc":{"start":{"line":59,"column":26},"end":{"line":64,"column":2}},"locations":[{"start":{"line":59,"column":26},"end":{"line":64,"column":2}}]},"6":{"type":"branch","line":60,"loc":{"start":{"line":60,"column":28},"end":{"line":63,"column":5}},"locations":[{"start":{"line":60,"column":28},"end":{"line":63,"column":5}}]},"7":{"type":"branch","line":66,"loc":{"start":{"line":66,"column":2},"end":{"line":105,"column":3}},"locations":[{"start":{"line":66,"column":2},"end":{"line":105,"column":3}}]},"8":{"type":"branch","line":67,"loc":{"start":{"line":67,"column":35},"end":{"line":104,"column":5}},"locations":[{"start":{"line":67,"column":35},"end":{"line":104,"column":5}}]},"9":{"type":"branch","line":67,"loc":{"start":{"line":67,"column":35},"end":{"line":70,"column":30}},"locations":[{"start":{"line":67,"column":35},"end":{"line":70,"column":30}}]},"10":{"type":"branch","line":70,"loc":{"start":{"line":70,"column":30},"end":{"line":104,"column":5}},"locations":[{"start":{"line":70,"column":30},"end":{"line":104,"column":5}}]},"11":{"type":"branch","line":77,"loc":{"start":{"line":77,"column":22},"end":{"line":86,"column":7}},"locations":[{"start":{"line":77,"column":22},"end":{"line":86,"column":7}}]},"12":{"type":"branch","line":89,"loc":{"start":{"line":89,"column":24},"end":{"line":98,"column":7}},"locations":[{"start":{"line":89,"column":24},"end":{"line":98,"column":7}}]},"13":{"type":"branch","line":101,"loc":{"start":{"line":101,"column":18},"end":{"line":103,"column":7}},"locations":[{"start":{"line":101,"column":18},"end":{"line":103,"column":7}}]},"14":{"type":"branch","line":104,"loc":{"start":{"line":104,"column":4},"end":{"line":105,"column":2}},"locations":[{"start":{"line":104,"column":4},"end":{"line":105,"column":2}}]},"15":{"type":"branch","line":111,"loc":{"start":{"line":111,"column":2},"end":{"line":133,"column":3}},"locations":[{"start":{"line":111,"column":2},"end":{"line":133,"column":3}}]},"16":{"type":"branch","line":112,"loc":{"start":{"line":112,"column":44},"end":{"line":114,"column":5}},"locations":[{"start":{"line":112,"column":44},"end":{"line":114,"column":5}}]},"17":{"type":"branch","line":119,"loc":{"start":{"line":119,"column":24},"end":{"line":132,"column":5}},"locations":[{"start":{"line":119,"column":24},"end":{"line":132,"column":5}}]},"18":{"type":"branch","line":120,"loc":{"start":{"line":120,"column":23},"end":{"line":120,"column":32}},"locations":[{"start":{"line":120,"column":23},"end":{"line":120,"column":32}}]},"19":{"type":"branch","line":121,"loc":{"start":{"line":121,"column":46},"end":{"line":121,"column":53}},"locations":[{"start":{"line":121,"column":46},"end":{"line":121,"column":53}}]},"20":{"type":"branch","line":125,"loc":{"start":{"line":125,"column":60},"end":{"line":125,"column":67}},"locations":[{"start":{"line":125,"column":60},"end":{"line":125,"column":67}}]},"21":{"type":"branch","line":125,"loc":{"start":{"line":125,"column":66},"end":{"line":132,"column":4}},"locations":[{"start":{"line":125,"column":66},"end":{"line":132,"column":4}}]},"22":{"type":"branch","line":135,"loc":{"start":{"line":135,"column":2},"end":{"line":143,"column":3}},"locations":[{"start":{"line":135,"column":2},"end":{"line":143,"column":3}}]},"23":{"type":"branch","line":153,"loc":{"start":{"line":153,"column":2},"end":{"line":179,"column":3}},"locations":[{"start":{"line":153,"column":2},"end":{"line":179,"column":3}}]},"24":{"type":"branch","line":158,"loc":{"start":{"line":158,"column":29},"end":{"line":176,"column":5}},"locations":[{"start":{"line":158,"column":29},"end":{"line":176,"column":5}}]},"25":{"type":"branch","line":160,"loc":{"start":{"line":160,"column":47},"end":{"line":160,"column":56}},"locations":[{"start":{"line":160,"column":47},"end":{"line":160,"column":56}}]},"26":{"type":"branch","line":169,"loc":{"start":{"line":169,"column":10},"end":{"line":169,"column":67}},"locations":[{"start":{"line":169,"column":10},"end":{"line":169,"column":67}}]},"27":{"type":"branch","line":170,"loc":{"start":{"line":170,"column":10},"end":{"line":170,"column":69}},"locations":[{"start":{"line":170,"column":10},"end":{"line":170,"column":69}}]},"28":{"type":"branch","line":172,"loc":{"start":{"line":172,"column":36},"end":{"line":175,"column":7}},"locations":[{"start":{"line":172,"column":36},"end":{"line":175,"column":7}}]},"29":{"type":"branch","line":173,"loc":{"start":{"line":173,"column":48},"end":{"line":173,"column":59}},"locations":[{"start":{"line":173,"column":48},"end":{"line":173,"column":59}}]},"30":{"type":"branch","line":173,"loc":{"start":{"line":173,"column":60},"end":{"line":173,"column":69}},"locations":[{"start":{"line":173,"column":60},"end":{"line":173,"column":69}}]},"31":{"type":"branch","line":163,"loc":{"start":{"line":163,"column":30},"end":{"line":163,"column":48}},"locations":[{"start":{"line":163,"column":30},"end":{"line":163,"column":48}}]},"32":{"type":"branch","line":169,"loc":{"start":{"line":169,"column":25},"end":{"line":169,"column":66}},"locations":[{"start":{"line":169,"column":25},"end":{"line":169,"column":66}}]},"33":{"type":"branch","line":169,"loc":{"start":{"line":169,"column":44},"end":{"line":169,"column":66}},"locations":[{"start":{"line":169,"column":44},"end":{"line":169,"column":66}}]},"34":{"type":"branch","line":170,"loc":{"start":{"line":170,"column":25},"end":{"line":170,"column":68}},"locations":[{"start":{"line":170,"column":25},"end":{"line":170,"column":68}}]},"35":{"type":"branch","line":170,"loc":{"start":{"line":170,"column":46},"end":{"line":170,"column":68}},"locations":[{"start":{"line":170,"column":46},"end":{"line":170,"column":68}}]},"36":{"type":"branch","line":184,"loc":{"start":{"line":184,"column":2},"end":{"line":186,"column":3}},"locations":[{"start":{"line":184,"column":2},"end":{"line":186,"column":3}}]},"37":{"type":"branch","line":185,"loc":{"start":{"line":185,"column":24},"end":{"line":185,"column":77}},"locations":[{"start":{"line":185,"column":24},"end":{"line":185,"column":77}}]},"38":{"type":"branch","line":185,"loc":{"start":{"line":185,"column":54},"end":{"line":185,"column":77}},"locations":[{"start":{"line":185,"column":54},"end":{"line":185,"column":77}}]},"39":{"type":"branch","line":201,"loc":{"start":{"line":201,"column":2},"end":{"line":203,"column":3}},"locations":[{"start":{"line":201,"column":2},"end":{"line":203,"column":3}}]},"40":{"type":"branch","line":202,"loc":{"start":{"line":202,"column":24},"end":{"line":202,"column":46}},"locations":[{"start":{"line":202,"column":24},"end":{"line":202,"column":46}}]},"41":{"type":"branch","line":202,"loc":{"start":{"line":202,"column":53},"end":{"line":202,"column":88}},"locations":[{"start":{"line":202,"column":53},"end":{"line":202,"column":88}}]},"42":{"type":"branch","line":208,"loc":{"start":{"line":208,"column":2},"end":{"line":214,"column":3}},"locations":[{"start":{"line":208,"column":2},"end":{"line":214,"column":3}}]}},"b":{"0":[25],"1":[24],"2":[11],"3":[21],"4":[3],"5":[18],"6":[17],"7":[36],"8":[33],"9":[18],"10":[21],"11":[6],"12":[0],"13":[3],"14":[18],"15":[11],"16":[0],"17":[22],"18":[0],"19":[18],"20":[1],"21":[21],"22":[1],"23":[2],"24":[6],"25":[0],"26":[3],"27":[3],"28":[4],"29":[2],"30":[2],"31":[12],"32":[6],"33":[2],"34":[6],"35":[2],"36":[2],"37":[4],"38":[3],"39":[1],"40":[3],"41":[2],"42":[5]},"fnMap":{"0":{"name":"createNode","decl":{"start":{"line":24,"column":7},"end":{"line":33,"column":1}},"loc":{"start":{"line":24,"column":7},"end":{"line":33,"column":1}},"line":24},"1":{"name":"createChronos","decl":{"start":{"line":49,"column":7},"end":{"line":234,"column":1}},"loc":{"start":{"line":49,"column":7},"end":{"line":234,"column":1}},"line":49},"2":{"name":"scheduleBatchWrite","decl":{"start":{"line":58,"column":2},"end":{"line":64,"column":3}},"loc":{"start":{"line":58,"column":2},"end":{"line":64,"column":3}},"line":58},"3":{"name":"flush","decl":{"start":{"line":66,"column":2},"end":{"line":105,"column":3}},"loc":{"start":{"line":66,"column":2},"end":{"line":105,"column":3}},"line":66},"4":{"name":"start","decl":{"start":{"line":111,"column":2},"end":{"line":133,"column":3}},"loc":{"start":{"line":111,"column":2},"end":{"line":133,"column":3}},"line":111},"5":{"name":"stop","decl":{"start":{"line":135,"column":2},"end":{"line":143,"column":3}},"loc":{"start":{"line":135,"column":2},"end":{"line":143,"column":3}},"line":135},"6":{"name":"trace","decl":{"start":{"line":153,"column":2},"end":{"line":179,"column":3}},"loc":{"start":{"line":153,"column":2},"end":{"line":179,"column":3}},"line":153},"7":{"name":"range","decl":{"start":{"line":184,"column":2},"end":{"line":186,"column":3}},"loc":{"start":{"line":184,"column":2},"end":{"line":186,"column":3}},"line":184},"8":{"name":"subgraph","decl":{"start":{"line":191,"column":
[...]
,"column":43}},"88":{"start":{"line":89,"column":0},"end":{"line":89,"column":80}},"89":{"start":{"line":90,"column":0},"end":{"line":90,"column":40}},"90":{"start":{"line":91,"column":0},"end":{"line":91,"column":13}},"91":{"start":{"line":92,"column":0},"end":{"line":92,"column":49}},"92":{"start":{"line":93,"column":0},"end":{"line":93,"column":85}},"93":{"start":{"line":94,"column":0},"end":{"line":94,"column":15}},"94":{"start":{"line":95,"column":0},"end":{"line":95,"column":116}},"95":{"start":{"line":96,"column":0},"end":{"line":96,"column":111}},"96":{"start":{"line":97,"column":0},"end":{"line":97,"column":6}},"97":{"start":{"line":98,"column":0},"end":{"line":98,"column":17}},"98":{"start":{"line":99,"column":0},"end":{"line":99,"column":70}},"99":{"start":{"line":100,"column":0},"end":{"line":100,"column":72}},"100":{"start":{"line":101,"column":0},"end":{"line":101,"column":6}},"101":{"start":{"line":102,"column":0},"end":{"line":102,"column":4}},"102":{"start":{"line":103,"column":0},"end":{"line":103,"column":29}},"103":{"start":{"line":104,"column":0},"end":{"line":104,"column":74}},"104":{"start":{"line":105,"column":0},"end":{"line":105,"column":76}},"106":{"start":{"line":107,"column":0},"end":{"line":107,"column":66}},"107":{"start":{"line":108,"column":0},"end":{"line":108,"column":60}},"108":{"start":{"line":109,"column":0},"end":{"line":109,"column":56}},"109":{"start":{"line":110,"column":0},"end":{"line":110,"column":5}},"111":{"start":{"line":112,"column":0},"end":{"line":112,"column":29}},"112":{"start":{"line":113,"column":0},"end":{"line":113,"column":35}},"113":{"start":{"line":114,"column":0},"end":{"line":114,"column":49}},"115":{"start":{"line":116,"column":0},"end":{"line":116,"column":43}},"116":{"start":{"line":117,"column":0},"end":{"line":117,"column":66}},"118":{"start":{"line":119,"column":0},"end":{"line":119,"column":31}},"119":{"start":{"line":120,"column":0},"end":{"line":120,"column":80}},"120":{"start":{"line":121,"column":0},"end":{"line":121,"column":5}},"122":{"start":{"line":123,"column":0},"end":{"line":123,"column":52}},"123":{"start":{"line":124,"column":0},"end":{"line":124,"column":19}},"124":{"start":{"line":125,"column":0},"end":{"line":125,"column":7}},"125":{"start":{"line":126,"column":0},"end":{"line":126,"column":47}},"126":{"start":{"line":127,"column":0},"end":{"line":127,"column":18}},"127":{"start":{"line":128,"column":0},"end":{"line":128,"column":26}},"128":{"start":{"line":129,"column":0},"end":{"line":129,"column":27}},"129":{"start":{"line":130,"column":0},"end":{"line":130,"column":69}},"130":{"start":{"line":131,"column":0},"end":{"line":131,"column":10}},"131":{"start":{"line":132,"column":0},"end":{"line":132,"column":8}},"132":{"start":{"line":133,"column":0},"end":{"line":133,"column":6}},"134":{"start":{"line":135,"column":0},"end":{"line":135,"column":30}},"135":{"start":{"line":136,"column":0},"end":{"line":136,"column":18}},"136":{"start":{"line":137,"column":0},"end":{"line":137,"column":52}},"137":{"start":{"line":138,"column":0},"end":{"line":138,"column":18}},"138":{"start":{"line":139,"column":0},"end":{"line":139,"column":26}},"139":{"start":{"line":140,"column":0},"end":{"line":140,"column":26}},"140":{"start":{"line":141,"column":0},"end":{"line":141,"column":19}},"141":{"start":{"line":142,"column":0},"end":{"line":142,"column":35}},"142":{"start":{"line":143,"column":0},"end":{"line":143,"column":10}},"143":{"start":{"line":144,"column":0},"end":{"line":144,"column":9}},"144":{"start":{"line":145,"column":0},"end":{"line":145,"column":5}},"146":{"start":{"line":147,"column":0},"end":{"line":147,"column":34}},"147":{"start":{"line":148,"column":0},"end":{"line":148,"column":4}},"148":{"start":{"line":149,"column":0},"end":{"line":149,"column":3}},"150":{"start":{"line":151,"column":0},"end":{"line":151,"column":3}},"151":{"start":{"line":152,"column":0},"end":{"line":152,"column":22}},"152":{"start":{"line":153,"column":0},"end":{"line":153,"column":2}},"153":{"start":{"line":154,"column":0},"end":{"line":154,"column":80}},"154":{"start":{"line":155,"column":0},"end":{"line":155,"column":80}},"155":{"start":{"line":156,"column":0},"end":{"line":156,"column":16}},"156":{"start":{"line":157,"column":0},"end":{"line":157,"column":3}},"157":{"start":{"line":158,"column":0},"end":{"line":158,"column":44}},"158":{"start":{"line":159,"column":0},"end":{"line":159,"column":39}},"159":{"start":{"line":160,"column":0},"end":{"line":160,"column":98}},"160":{"start":{"line":161,"column":0},"end":{"line":161,"column":40}},"161":{"start":{"line":162,"column":0},"end":{"line":162,"column":13}},"162":{"start":{"line":163,"column":0},"end":{"line":163,"column":45}},"163":{"start":{"line":164,"column":0},"end":{"line":164,"column":85}},"164":{"start":{"line":165,"column":0},"end":{"line":165,"column":15}},"165":{"start":{"line":166,"column":0},"end":{"line":166,"column":130}},"166":{"start":{"line":167,"column":0},"end":{"line":167,"column":125}},"167":{"start":{"line":168,"column":0},"end":{"line":168,"column":6}},"168":{"start":{"line":169,"column":0},"end":{"line":169,"column":87}},"169":{"start":{"line":170,"column":0},"end":{"line":170,"column":4}},"170":{"start":{"line":171,"column":0},"end":{"line":171,"column":29}},"171":{"start":{"line":172,"column":0},"end":{"line":172,"column":74}},"172":{"start":{"line":173,"column":0},"end":{"line":173,"column":76}},"174":{"start":{"line":175,"column":0},"end":{"line":175,"column":11}},"175":{"start":{"line":176,"column":0},"end":{"line":176,"column":12}},"176":{"start":{"line":177,"column":0},"end":{"line":177,"column":48}},"177":{"start":{"line":178,"column":0},"end":{"line":178,"column":25}},"178":{"start":{"line":179,"column":0},"end":{"line":179,"column":22}},"180":{"start":{"line":181,"column":0},"end":{"line":181,"column":54}},"181":{"start":{"line":182,"column":0},"end":{"line":182,"column":69}},"182":{"start":{"line":183,"column":0},"end":{"line":183,"column":5}},"184":{"start":{"line":185,"column":0},"end":{"line":185,"column":27}},"185":{"start":{"line":186,"column":0},"end":{"line":186,"column":76}},"186":{"start":{"line":187,"column":0},"end":{"line":187,"column":24}},"188":{"start":{"line":189,"column":0},"end":{"line":189,"column":33}},"189":{"start":{"line":190,"column":0},"end":{"line":190,"column":74}},"190":{"start":{"line":191,"column":0},"end":{"line":191,"column":5}},"192":{"start":{"line":193,"column":0},"end":{"line":193,"column":28}},"193":{"start":{"line":194,"column":0},"end":{"line":194,"column":84}},"194":{"start":{"line":195,"column":0},"end":{"line":195,"column":7}},"195":{"start":{"line":196,"column":0},"end":{"line":196,"column":4}},"196":{"start":{"line":197,"column":0},"end":{"line":197,"column":3}},"198":{"start":{"line":199,"column":0},"end":{"line":199,"column":78}},"200":{"start":{"line":201,"column":0},"end":{"line":201,"column":3}},"201":{"start":{"line":202,"column":0},"end":{"line":202,"column":68}},"202":{"start":{"line":203,"column":0},"end":{"line":203,"column":3}},"203":{"start":{"line":204,"column":0},"end":{"line":204,"column":57}},"204":{"start":{"line":205,"column":0},"end":{"line":205,"column":40}},"205":{"start":{"line":206,"column":0},"end":{"line":206,"column":68}},"206":{"start":{"line":207,"column":0},"end":{"line":207,"column":13}},"207":{"start":{"line":208,"column":0},"end":{"line":208,"column":46}},"208":{"start":{"line":209,"column":0},"end":{"line":209,"column":68}},"209":{"start":{"line":210,"column":0},"end":{"line":210,"column":15}},"210":{"start":{"line":211,"column":0},"end":{"line":211,"column":77}},"211":{"start":{"line":212,"column":0},"end":{"line":212,"column":77}},"212":{"start":{"line":213,"column":0},"end":{"line":213,"column":6}},"213":{"start":{"line":214,"column":0},"end":{"line":214,"column":48}},"214":{"start":{"line":215,"column":0},"end":{"line":215,"column":4}},"215":{"start":{"line":216,"column":0},"end":{"line":216,"column":20}},"216":{"start":{"line":217,"column":0},"end":{"line":217,"column":39}},"217":{"start":{"line":218,"column":0},"end":{"line":218,"column":65}},"218":{"start":{"line":219,"column":0},"end":{"line":219,"column":87}},"219":{"start":{"line":220,"column":0},"end":{"line":220,"column":68}},"220":{"start":{"line":221,"column":0},"end":{"line":221,"column":5}},"221":{"start":{"line":222,"column":0},"end":{"line":222,"column":16}},"222":{"start":{"line":223,"column":0},"end":{"line":223,"column":4}},"223":{"start":{"line":224,"column":0},"end":{"line":224,"column":3}},"225":{"start":{"line":226,"column":0},"end":{"line":226,"column":78}},"227":{"start":{"line":228,"column":0},"end":{"line":228,"column":3}},"228":{"start":{"line":229,"column":0},"end":{"line":229,"column":33}},"229":{"start":{"line":230,"column":0},"end":{"line":230,"column":2}},"230":{"start":{"line":231,"column":0},"end":{"line":231,"column":11}},"231":{"start":{"line":232,"column":0},"end":{"line":232,"column":8}},"232":{"start":{"line":233,"column":0},"end":{"line":233,"column":65}},"233":{"start":{"line":234,"column":0},"end":{"line":234,"column":50}},"234":{"start":{"line":235,"column":0},"end":{"line":235,"column":6}},"235":{"start":{"line":236,"column":0},"end":{"line":236,"column":3}},"236":{"start":{"line":237,"column":0},"end":{"line":237,"column":51}},"237":{"start":{"line":238,"column":0},"end":{"line":238,"column":66}},"238":{"start":{"line":239,"column":0},"end":{"line":239,"column":41}},"239":{"start":{"line":240,"column":0},"end":{"line":240,"column":57}},"240":{"start":{"line":241,"column":0},"end":{"line":241,"column":3}}},"s":{"0":1,"1":1,"2":1,"3":1,"4":1,"5":1,"6":1,"7":1,"8":1,"9":1,"10":1,"12":1,"14":1,"16":1,"17":1,"19":1,"20":1,"22":1,"24":1,"25":1,"27":1,"29":1,"30":1,"31":1,"32":1,"33":1,"34":1,"35":1,"36":1,"37":1,"38":1,"39":1,"40":1,"41":1,"42":1,"43":1,"44":1,"45":1,"46":1,"47":1,"48":1,"49":1,"50":1,"51":1,"52":1,"53":8,"54":8,"56":8,"58":8,"59":1,"60":1,"62":8,"63":0,"64":0,"66":7,"67":7,"68":7,"70":8,"71":6,"72":6,"74":1,"75":1,"76":1,"77":1,"78":1,"80":1,"81":1,"82":1,"83":1,"84":1,"85":1,"86":1,"87":1,"88":1,"89":1,"90":1,"91":1,"92":1,"93":1,"94":1,"95":1,"96":1,"97":1,"98":1,"99":1,"100":1,"101":1,"102":1,"103":8,"104":8,"106":8,"107":8,"108":6,"109":6,"111":2,"112":2,"113":2,"115":2,"116":2,"118":8,"119":0,"120":0,"122":2,"123":2,"124":2,"125":2,"126":2,"127":2,"128":2,"129":8,"130":8,"131":8,"132":8,"134":8,"135":1,"136":1,"137":1,"138":1,"139":1,"140":1,"141":1,"142":1,"143":1,"144":1,"146":2,"147":1,"148":1,"150":1,"151":1,"152":1,"153":1,"154":1,"155":1,"156":1,"157":1,"158":1,"159":1,"160":1,"161":1,"162":1,"163":1,"164":1,"165":1,"166":1,"167":1,"168":1,"169":1,"170":1,"171":8,"172":8,"174":8,"175":8,"176":8,"177":8,"178":8,"180":8,"181":0,"182":0,"184":8,"185":8,"186":8,"188":8,"189":7,"190":7,"192":1,"193":1,"194":1,"195":1,"196":1,"198":1,"200":1,"201":1,"202":1,"203":1,"204":1,"205":1,"206":1,"207":1,"208":1,"209":1,"210":1,"211":1,"212":1,"213":1,"214":1,"215":1,"216":13,"217":13,"218":13,"219":2,"220":2,"221":1,"222":1,"223":1,"225":1,"227":1,"228":1,"229":1,"230":1,"231":1,"232":1,"233":1,"234":1,"235":1,"236":1,"237":1,"238":1,"239":1,"240":1},"branchMap":{"0":{"type":"branch","line":53,"loc":{"start":{"line":53,"column":8},"end":{"line":78,"column":3}},"locations":[{"start":{"line":53,"column":8},"end":{"line":78,"column":3}}]},"1":{"type":"branch","line":55,"loc":{"start":{"line":55,"column":16},"end":{"line":55,"column":76}},"locations":[{"start":{"line":55,"column":16},"end":{"line":55,"column":76}}]},"2":{"type":"branch","line":59,"loc":{"start":{"line":59,"column":76},"end":{"line":61,"column":5}},"locations":[{"start":{"line":59,"column":76},"end":{"line":61,"column":5}}]},"3":{"type":"branch","line":61,"loc":{"start":{"line":61,"column":4},"end":{"line":63,"column":51}},"locations":[{"start":{"line":61,"column":4},"end":{"line":63,"column":51}}]},"4":{"type":"branch","line":63,"loc":{"start":{"line":63,"column":53},"end":{"line":65,"column":5}},"locations":[{"start":{"line":63,"column":53},"end":{"line":65,"column":5}}]},"5":{"type":"branch","line":65,"loc":{"start":{"line":65,"column":4},"end":{"line":71,"column":31}},"locations":[{"start":{"line":65,"column":4},"end":{"line":71,"column":31}}]},"6":{"type":"branch","line":71,"loc":{"start":{"line":71,"column":31},"end":{"line":73,"column":5}},"locations":[{"start":{"line":71,"column":31},"end":{"line":73,"column":5}}]},"7":{"type":"branch","line":73,"loc":{"start":{"line":73,"column":4},"end":{"line":78,"column":2}},"locations":[{"start":{"line":73,"column":4},"end":{"line":78,"column":2}}]},"8":{"type":"branch","line":54,"loc":{"start":{"line":54,"column":30},"end":{"line":54,"column":72}},"locations":[{"start":{"line":54,"column":30},"end":{"line":54,"column":72}}]},"9":{"type":"branch","line":68,"loc":{"start":{"line":68,"column":14},"end":{"line":68,"column":67}},"locations":[{"start":{"line":68,"column":14},"end":{"line":68,"column":67}}]},"10":{"type":"branch","line":68,"loc":{"start":{"line":68,"column":35},"end":{"line":68,"column":67}},"locations":[{"start":{"line":68,"column":35},"end":{"line":68,"column":67}}]},"11":{"type":"branch","line":69,"loc":{"start":{"line":69,"column":11},"end":{"line":69,"column":22}},"locations":[{"start":{"line":69,"column":11},"end":{"line":69,"column":22}}]},"12":{"type":"branch","line":103,"loc":{"start":{"line":103,"column":8},"end":{"line":148,"column":3}},"locations":[{"start":{"line":103,"column":8},"end":{"line":148,"column":3}}]},"13":{"type":"branch","line":105,"loc":{"start":{"line":105,"column":16},"end":{"line":105,"column":76}},"locations":[{"start":{"line":105,"column":16},"end":{"line":105,"column":76}}]},"14":{"type":"branch","line":108,"loc":{"start":{"line":108,"column":59},"end":{"line":110,"column":5}},"locations":[{"start":{"line":108,"column":59},"end":{"line":110,"column":5}}]},"15":{"type":"branch","line":110,"loc":{"start":{"line":110,"column":4},"end":{"line":119,"column":30}},"locations":[{"start":{"line":110,"column":4},"end":{"line":119,"column":30}}]},"16":{"type":"branch","line":119,"loc":{"start":{"line":119,"column":30},"end":{"line":121,"column":5}},"locations":[{"start":{"line":119,"column":30},"end":{"line":121,"column":5}}]},"17":{"type":"branch","line":121,"loc":{"start":{"line":121,"column":4},"end":{"line":130,"column":47}},"locations":[{"start":{"line":121,"column":4},"end":{"line":130,"column":47}}]},"18":{"type":"branch","line":130,"loc":{"start":{"line":130,"column":47},"end":{"line":130,"column":64}},"locations":[{"start":{"line":130,"column":47},"end":{"line":130,"column":64}}]},"19":{"type":"branch","line":130,"loc":{"start":{"line":130,"column":65},"end":{"line":130,"column":68}},"locations":[{"start":{"line":130,"column":65},"end":{"line":130,"column":68}}]},"20":{"type":"branch","line":135,"loc":{"start":{"line":135,"column":29},"end":{"line":145,"column":5}},"locations":[{"start":{"line":135,"column":29},"end":{"line":145,"column":5}}]},"21":{"type":"branch","line":145,"loc":{"start":{"line":145,"column":4},"end":{"line":148,"column":2}},"locations":[{"start":{"line":145,"column":4},"end":{"line":148,"column":2}}]},"22":{"type":"branch","line":104,"loc":{"start":{"line":104,"column":30},"end":{"line":104,"column":72}},"locations":[{"start":{"line":104,"column":30},"end":{"line":104,"column":72}}]},"23":{"type":"branch","line":113,"loc":{"start":{"line":113,"column":14},"end":{"line":113,"column":34}},"locations":[{"start":{"line":113,"column":14},"end":{"line":113,"column":34}}]},"24":{"type":"branch","line":114,"loc":{"start":{"line":114,"column":12},"end":{"line":114,"column":47}},"locations":[{"start":{"line":114,"column":12},"end":{"line":114,"column":47}}]},"25":{"type":"branch","line":117,"loc":{"start":{"line":117,"column":53},"end":{"line":117,"column":64}},"locations":[{"start":{"line":117,"column":53},"end":{"line":117,"column":64}}]},"26":{"type":"branch","line":171,"loc":{"start":{"line":171,"column":8},"end":{"line":196,"column":3}},"locations":[{"start":{"line":171,"column":8},"end":{"line":196,"column":3}}]},"27":{"type":"branch","line":173,"loc":{"start":{"line":173,"column":16},"end":{"line":173,"column":76}},"locations":[{"start":{"line":173,"column":16},"end":{"line":173,"column":76}}]},"28":{"type":"branch","line":181,"loc":{"start":{"line":181,"column":53},"end":{"line":183,"column":5}},"locations":[{"start":{"line":181,"column":53},"end":{"line":183,"column":5}}]},"29":{"type":"branch","line":189,"loc":{"start":{"line":189,"column":32},"end":{"line":191,"column":5}},"locations":[{"start":{"line":189,"column":32},"end":{"line":191,"column":5}}]},"30":{"type":"branch","line":191,"loc":{"start":{"line":191,"column":4},"end":{"line":196,"column":2}},"locations":[{"start":{"line":191,"column":4},"end":{"line":196,"column":2}}]},"31":{"type":"branch","line":172,"loc":{"start":{"line":172,"column":30},"end":{"line":172,"column":72}},"locations":[{"start":{"line":172,"column":30},"end":{"line":172,"column":72}}]},"32":{"type":"branch","line":186,"loc":{"start":{"line":186,"column":14},"end":{"line":186,"column":75}},"locations":[{"start":{"line":186,"column":14},"end":{"line":186,"column":75}}]},"33":{"type":"branch","line":186,"loc":{"start":{"line":186,"column":34},"end":{"line":186,"column":75}},"locations":[{"start":{"line":186,"column":34},"end":{"line":186,"column":75}}]},"34":{"type":"branch","line":187,"loc":{"start":{"line":187,"column":11},"end":{"line":187,"column":22}},"locations":[{"start":{"line":187,"column":11},"end":{"line":187,"column":22}}]},"35":{"type":"branch","line":216,"loc":{"start":{"line":216,"column":8},"end":{"line":223,"column":3}},"locations":[{"start":{"line":216,"column":8},"end":{"line":223,"column":3}}]},"36":{"type":"branch","line":218,"loc":{"start":{"line":218,"column":31},"end":{"line":218,"column":51}},"locations":[{"start":{"line":218,"column":31},"end":{"line":218,"column":51}}]},"37":{"type":"branch","line":218,"loc":{"start":{"line":218,"column":53},"end":{"line":218,"column":65}},"locations":[{"start":{"line":218,"column":53},"end":{"line":218,"column":65}}]},"38":{"type":"branch","line":218,"loc":{"start":{"line":218,"column":64},"end":{"line":219,"column":53}},"locations":[{"start":{"line":218,"column":64},"end":{"line":219,"column":53}}]},"39":{"type":"branch","line":219,"loc":{"start":{"line":219,"column":54},"end":{"line":219,"column":84}},"locations":[{"start":{"line":219,"column":54},"end":{"line":219,"column":84}}]},"40":{"type":"branch","line":219,"loc":{"start":{"line":219,"column":86},"end":{"line":221,"column":5}},"locations":[{"start":{"line":219,"column":86},"end":{"line":221,"column":5}}]},"41":{"type":"branch","line":221,"loc":{"start":{"line":221,"column":4},"end":{"line":223,"column":2}},"locations":[{"start":{"line":221,"column":4},"end":{"line":223,"column":2}}]}},"b":{"0":[8],"1":[0],"2":[1],"3":[7],"4":[0],"5":[7],"6":[6],"7":[1],"8":[8],"9":[29],"10":[17],"11":[1],"12":[8],"13":[0],"14":[6],"15":[2],"16":[0],"17":[2],"18":[1],"19":[1],"20":[1],"21":[2],"22":[8],"23":[22],"24":[11],"25":[3],"26":[8],"27":[0],"28":[0],"29":[7],"30":[1],"31":[8],"32":[30],"33":[12],"34":[1],"35":[13],"36":[4],"37":[10],"38":[3],"39":[1],"40":[2],"41":[1]},"fnMap":{"0":{"name":"impl","decl":{"start":{"line":53,"column":8},"end":{"line":78,"column":3}},"loc":{"start":{"line":53,"column":8},"end":{"line":78,"column":3}},"line":53},"1":{"name":"impl","decl":{"start":{"line":103,"column":8},"end":{"line":148,"column":3}},"loc":{"start":{"line":103,"column":8},"end":{"line":148,"column":3}},"line":103},"2":{"name":"impl","decl":{"start":{"line":171,"column":8},"end":{"line":196,"column":3}},"loc":{"start":{"line":171,"column":8},"end":{"line":196,"column":3}},"line":171},"3":{"name":"impl","decl":{"start":{"line":216,"column":8},"end":{"line":223,"column":3}},"loc":{"start":{"line":216,"column":8},"end":{"line":223,"column":3}},"line":216}},"f":{"0":8,"1":8,"2":8,"3":13}}
}
